11-Jul-2020 18:26:33.035 INFO [main] org.apache.catalina.startup.VersionLoggerListener.log Server version:        Apache Tomcat/8.0.27
11-Jul-2020 18:26:33.036 INFO [main] org.apache.catalina.startup.VersionLoggerListener.log Server built:          Sep 28 2015 08:17:25 UTC
11-Jul-2020 18:26:33.036 INFO [main] org.apache.catalina.startup.VersionLoggerListener.log Server number:         8.0.27.0
11-Jul-2020 18:26:33.036 INFO [main] org.apache.catalina.startup.VersionLoggerListener.log OS Name:               Windows 10
11-Jul-2020 18:26:33.036 INFO [main] org.apache.catalina.startup.VersionLoggerListener.log OS Version:            10.0
11-Jul-2020 18:26:33.037 INFO [main] org.apache.catalina.startup.VersionLoggerListener.log Architecture:          amd64
11-Jul-2020 18:26:33.037 INFO [main] org.apache.catalina.startup.VersionLoggerListener.log Java Home:             C:\Program Files\Java\jdk1.8.0_251\jre
11-Jul-2020 18:26:33.037 INFO [main] org.apache.catalina.startup.VersionLoggerListener.log JVM Version:           1.8.0_251-b08
11-Jul-2020 18:26:33.037 INFO [main] org.apache.catalina.startup.VersionLoggerListener.log JVM Vendor:            Oracle Corporation
11-Jul-2020 18:26:33.037 INFO [main] org.apache.catalina.startup.VersionLoggerListener.log CATALINA_BASE:         C:\Servers\apache-tomcat-8.0.27
11-Jul-2020 18:26:33.037 INFO [main] org.apache.catalina.startup.VersionLoggerListener.log CATALINA_HOME:         C:\Servers\apache-tomcat-8.0.27
11-Jul-2020 18:26:33.037 INFO [main] org.apache.catalina.startup.VersionLoggerListener.log Command line argument: -Dhttp.nonProxyHosts=localhost|127.0.0.1|DESKTOP-86FMEIO
11-Jul-2020 18:26:33.037 INFO [main] org.apache.catalina.startup.VersionLoggerListener.log Command line argument: -Djava.util.logging.config.file=C:\Servers\apache-tomcat-8.0.27\conf\logging.properties
11-Jul-2020 18:26:33.037 INFO [main] org.apache.catalina.startup.VersionLoggerListener.log Command line argument: -Djava.util.logging.manager=org.apache.juli.ClassLoaderLogManager
11-Jul-2020 18:26:33.037 INFO [main] org.apache.catalina.startup.VersionLoggerListener.log Command line argument: -Djava.endorsed.dirs=C:\Servers\apache-tomcat-8.0.27\endorsed
11-Jul-2020 18:26:33.037 INFO [main] org.apache.catalina.startup.VersionLoggerListener.log Command line argument: -Dcatalina.base=C:\Servers\apache-tomcat-8.0.27
11-Jul-2020 18:26:33.037 INFO [main] org.apache.catalina.startup.VersionLoggerListener.log Command line argument: -Dcatalina.home=C:\Servers\apache-tomcat-8.0.27
11-Jul-2020 18:26:33.037 INFO [main] org.apache.catalina.startup.VersionLoggerListener.log Command line argument: -Djava.io.tmpdir=C:\Servers\apache-tomcat-8.0.27\temp
11-Jul-2020 18:26:33.037 INFO [main] org.apache.catalina.core.AprLifecycleListener.lifecycleEvent La biblioteca nativa de Apache Tomcat basada en ARP que permite un rendimiento óptimo en entornos de desarrollo no ha sido hallada en java.library.path: C:\Program Files\Java\jdk1.8.0_251\bin;C:\WINDOWS\Sun\Java\bin;C:\WINDOWS\system32;C:\WINDOWS;C:\Program Files (x86)\Common Files\Oracle\Java\javapath;D:\app\USER\product\12.2.0\dbhome_1\bin;C:\Program Files\NVIDIA GPU Computing Toolkit\CUDA\v10.2\bin;C:\Program Files\NVIDIA GPU Computing Toolkit\CUDA\v10.2\libnvvp;"C:\Program Files (x86)\Common Files\Oracle\Java\javapath;C:\Program Files\Java\jdk1.8.0_171\bin";C:\Program Files (x86)\Intel\iCLS Client\;C:\Program Files\Intel\iCLS Client\;C:\Windows\system32;C:\Windows;C:\Windows\System32\Wbem;C:\Windows\System32\WindowsPowerShell\v1.0\;C:\Program Files (x86)\Intel\Intel(R) Management Engine Components\DAL;C:\Program Files\Intel\Intel(R) Management Engine Components\DAL;C:\Program Files (x86)\Intel\Intel(R) Management Engine Components\IPT;C:\Program Files\Intel\Intel(R) Management Engine Components\IPT;C:\Program Files (x86)\NVIDIA Corporation\PhysX\Common;C:\WINDOWS\system32;C:\WINDOWS;C:\WINDOWS\System32\Wbem;C:\WINDOWS\System32\WindowsPowerShell\v1.0\;C:\WINDOWS\System32\OpenSSH\;C:\Program Files (x86)\Rational\common;C:\Users\USER\AppData\Local\Programs\Python\Python37\;C:\WINDOWS\system32;C:\WINDOWS;C:\WINDOWS\System32\Wbem;C:\WINDOWS\System32\WindowsPowerShell\v1.0\;C:\emacs\bin;C:\WINDOWS\System32\OpenSSH\;C:\sbcl\;C:\Program Files\NVIDIA Corporation\Nsight Compute 2019.5.0\;C:\Program Files\Git\cmd;C:\Program Files\nodejs\;C:\Program Files\Java\jdk1.8.0_171\bin;C:\Program Files\Java\jdk1.8.0_251\bin;C:\Program Files\Java\jdk1.8.0_221\bin;C:\Program Files\MySQL\MySQL Shell 8.0\bin\;C:\Users\USER\Anaconda3;C:\Users\USER\Anaconda3\Library\mingw-w64\bin;C:\Users\USER\Anaconda3\Library\usr\bin;C:\Users\USER\Anaconda3\Library\bin;C:\Users\USER\Anaconda3\Scripts;C:\Program Files\apache-maven-3.6.3\bin;C:\Program Files\Java\jdk-12.0.1\bin;C:\javacc-5.0\bin;C:\Users\USER\AppData\Local\Microsoft\WindowsApps;C:\Users\USER\AppData\Local\Programs\Microsoft VS Code\bin;C:\Program Files (x86)\Microsoft Visual Studio\2019\Community\VC\Tools\MSVC\14.23.28105\bin\Hostx64\x64\cl.exe;C:\Program Files (x86)\Microsoft Visual Studio\2019\Community\VC\Tools\MSVC\14.23.28105\bin\Hostx64\x64;C:\Users\USER\AppData\Local\Programs\Python\Python37\Scripts\;C:\Program Files\MongoDB\Server\4.2\bin;C:\Users\USER\AppData\Roaming\npm;C:\xampp\php;.
11-Jul-2020 18:26:33.447 INFO [main] org.apache.coyote.AbstractProtocol.init Initializing ProtocolHandler ["http-nio-8080"]
11-Jul-2020 18:26:33.721 INFO [main] org.apache.tomcat.util.net.NioSelectorPool.getSharedSelector Using a shared selector for servlet write/read
11-Jul-2020 18:26:33.723 INFO [main] org.apache.coyote.AbstractProtocol.init Initializing ProtocolHandler ["ajp-nio-8009"]
11-Jul-2020 18:26:33.725 INFO [main] org.apache.tomcat.util.net.NioSelectorPool.getSharedSelector Using a shared selector for servlet write/read
11-Jul-2020 18:26:33.725 INFO [main] org.apache.catalina.startup.Catalina.load Initialization processed in 1379 ms
11-Jul-2020 18:26:33.833 INFO [main] org.apache.catalina.core.StandardService.startInternal Arrancando servicio Catalina
11-Jul-2020 18:26:33.833 INFO [main] org.apache.catalina.core.StandardEngine.startInternal Starting Servlet Engine: Apache Tomcat/8.0.27
11-Jul-2020 18:26:33.854 INFO [localhost-startStop-1] org.apache.catalina.startup.HostConfig.deployDirectory Despliegue del directorio C:\Servers\apache-tomcat-8.0.27\webapps\docs de la aplicación web
11-Jul-2020 18:26:34.310 INFO [localhost-startStop-1] org.apache.catalina.startup.HostConfig.deployDirectory Deployment of web application directory C:\Servers\apache-tomcat-8.0.27\webapps\docs has finished in 454 ms
11-Jul-2020 18:26:34.310 INFO [localhost-startStop-1] org.apache.catalina.startup.HostConfig.deployDirectory Despliegue del directorio C:\Servers\apache-tomcat-8.0.27\webapps\examples de la aplicación web
11-Jul-2020 18:26:35.008 INFO [localhost-startStop-1] org.apache.catalina.startup.HostConfig.deployDirectory Deployment of web application directory C:\Servers\apache-tomcat-8.0.27\webapps\examples has finished in 698 ms
11-Jul-2020 18:26:35.008 INFO [localhost-startStop-1] org.apache.catalina.startup.HostConfig.deployDirectory Despliegue del directorio C:\Servers\apache-tomcat-8.0.27\webapps\host-manager de la aplicación web
11-Jul-2020 18:26:35.047 INFO [localhost-startStop-1] org.apache.catalina.startup.HostConfig.deployDirectory Deployment of web application directory C:\Servers\apache-tomcat-8.0.27\webapps\host-manager has finished in 39 ms
11-Jul-2020 18:26:35.047 INFO [localhost-startStop-1] org.apache.catalina.startup.HostConfig.deployDirectory Despliegue del directorio C:\Servers\apache-tomcat-8.0.27\webapps\manager de la aplicación web
11-Jul-2020 18:26:35.068 INFO [localhost-startStop-1] org.apache.catalina.startup.HostConfig.deployDirectory Deployment of web application directory C:\Servers\apache-tomcat-8.0.27\webapps\manager has finished in 21 ms
11-Jul-2020 18:26:35.068 INFO [localhost-startStop-1] org.apache.catalina.startup.HostConfig.deployDirectory Despliegue del directorio C:\Servers\apache-tomcat-8.0.27\webapps\ROOT de la aplicación web
11-Jul-2020 18:26:35.083 INFO [localhost-startStop-1] org.apache.catalina.startup.HostConfig.deployDirectory Deployment of web application directory C:\Servers\apache-tomcat-8.0.27\webapps\ROOT has finished in 15 ms
11-Jul-2020 18:26:35.085 INFO [main] org.apache.coyote.AbstractProtocol.start Starting ProtocolHandler ["http-nio-8080"]
11-Jul-2020 18:26:35.109 INFO [main] org.apache.coyote.AbstractProtocol.start Starting ProtocolHandler ["ajp-nio-8009"]
11-Jul-2020 18:26:35.111 INFO [main] org.apache.catalina.startup.Catalina.start Server startup in 1386 ms
11-Jul-2020 18:38:41.500 INFO [http-nio-8080-exec-7] org.apache.catalina.startup.HostConfig.deployDescriptor Desplieque del descriptor de configuración C:\Servers\apache-tomcat-8.0.27\conf\Catalina\localhost\Articulos-JSP-Servlet.xml
11-Jul-2020 18:38:41.778 INFO [http-nio-8080-exec-7] org.apache.jasper.servlet.TldScanner.scanJars Al menos un JAR, que se ha explorado buscando TLDs, aún no contenía TLDs. Activar historial de depuración para este historiador para una completa lista de los JARs que fueron explorados y de los que nos se halló TLDs. Saltarse JARs no necesarios durante la exploración puede dar lugar a una mejora de tiempo significativa en el arranque y compilación de JSP .
11-Jul-2020 18:38:41.791 INFO [http-nio-8080-exec-7] org.apache.catalina.startup.HostConfig.deployDescriptor Deployment of configuration descriptor C:\Servers\apache-tomcat-8.0.27\conf\Catalina\localhost\Articulos-JSP-Servlet.xml has finished in 291 ms
11-Jul-2020 18:38:41.797 INFO [http-nio-8080-exec-8] org.apache.catalina.util.LifecycleBase.start The start() method was called on component [StandardEngine[Catalina].StandardHost[localhost].StandardContext[/Articulos-JSP-Servlet]] after start() had already been called. The second call will be ignored.
11-Jul-2020 18:39:26.259 INFO [http-nio-8080-exec-6] org.apache.jasper.servlet.TldScanner.scanJars Al menos un JAR, que se ha explorado buscando TLDs, aún no contenía TLDs. Activar historial de depuración para este historiador para una completa lista de los JARs que fueron explorados y de los que nos se halló TLDs. Saltarse JARs no necesarios durante la exploración puede dar lugar a una mejora de tiempo significativa en el arranque y compilación de JSP .
11-Jul-2020 18:39:35.245 INFO [ContainerBackgroundProcessor[StandardEngine[Catalina]]] org.apache.catalina.startup.HostConfig.reload Falló la recarga del contexto [/Articulos-JSP-Servlet]
11-Jul-2020 18:39:35.246 INFO [ContainerBackgroundProcessor[StandardEngine[Catalina]]] org.apache.catalina.core.StandardContext.reload Ha comenzado la recarga de Contexto [/Articulos-JSP-Servlet]
11-Jul-2020 18:39:35.407 INFO [ContainerBackgroundProcessor[StandardEngine[Catalina]]] org.apache.jasper.servlet.TldScanner.scanJars Al menos un JAR, que se ha explorado buscando TLDs, aún no contenía TLDs. Activar historial de depuración para este historiador para una completa lista de los JARs que fueron explorados y de los que nos se halló TLDs. Saltarse JARs no necesarios durante la exploración puede dar lugar a una mejora de tiempo significativa en el arranque y compilación de JSP .
11-Jul-2020 18:39:35.419 INFO [ContainerBackgroundProcessor[StandardEngine[Catalina]]] org.apache.catalina.core.StandardContext.reload Se ha completado la recarga de este Contexto
11-Jul-2020 18:40:21.105 INFO [main] org.apache.catalina.core.StandardServer.await Se ha recibido un comando de apagado a través del puerto de apagado. Parando la instancia del Servidor.
11-Jul-2020 18:40:21.105 INFO [main] org.apache.coyote.AbstractProtocol.pause Pausing ProtocolHandler ["http-nio-8080"]
11-Jul-2020 18:40:21.157 INFO [main] org.apache.coyote.AbstractProtocol.pause Pausing ProtocolHandler ["ajp-nio-8009"]
11-Jul-2020 18:40:21.208 INFO [main] org.apache.catalina.core.StandardService.stopInternal Parando servicio Catalina
11-Jul-2020 18:40:21.216 WARNING [localhost-startStop-2] org.apache.catalina.loader.WebappClassLoaderBase.clearReferencesJdbc La aplicación web [Articulos-JSP-Servlet] registró el conductor JDBC [com.mysql.jdbc.Driver] pero falló al anular el registro mientras la aplicación web estaba parada. Para prevenir un fallo de memoria, se ha anulado el registro del conductor JDBC por la fuerza.
11-Jul-2020 18:40:21.216 WARNING [localhost-startStop-2] org.apache.catalina.loader.WebappClassLoaderBase.clearReferencesThreads The web application [Articulos-JSP-Servlet] appears to have started a thread named [Abandoned connection cleanup thread] but has failed to stop it. This is very likely to create a memory leak. Stack trace of thread:
 java.lang.Object.wait(Native Method)
 java.lang.ref.ReferenceQueue.remove(ReferenceQueue.java:144)
 com.mysql.jdbc.AbandonedConnectionCleanupThread.run(AbandonedConnectionCleanupThread.java:41)
11-Jul-2020 18:40:21.224 INFO [main] org.apache.coyote.AbstractProtocol.stop Stopping ProtocolHandler ["http-nio-8080"]
11-Jul-2020 18:40:21.225 INFO [main] org.apache.coyote.AbstractProtocol.stop Stopping ProtocolHandler ["ajp-nio-8009"]
11-Jul-2020 18:40:21.226 INFO [main] org.apache.coyote.AbstractProtocol.destroy Destroying ProtocolHandler ["http-nio-8080"]
11-Jul-2020 18:40:21.226 INFO [main] org.apache.coyote.AbstractProtocol.destroy Destroying ProtocolHandler ["ajp-nio-8009"]
11-Jul-2020 18:40:35.374 INFO [main] org.apache.catalina.startup.VersionLoggerListener.log Server version:        Apache Tomcat/8.0.27
11-Jul-2020 18:40:35.374 INFO [main] org.apache.catalina.startup.VersionLoggerListener.log Server built:          Sep 28 2015 08:17:25 UTC
11-Jul-2020 18:40:35.374 INFO [main] org.apache.catalina.startup.VersionLoggerListener.log Server number:         8.0.27.0
11-Jul-2020 18:40:35.375 INFO [main] org.apache.catalina.startup.VersionLoggerListener.log OS Name:               Windows 10
11-Jul-2020 18:40:35.375 INFO [main] org.apache.catalina.startup.VersionLoggerListener.log OS Version:            10.0
11-Jul-2020 18:40:35.375 INFO [main] org.apache.catalina.startup.VersionLoggerListener.log Architecture:          amd64
11-Jul-2020 18:40:35.375 INFO [main] org.apache.catalina.startup.VersionLoggerListener.log Java Home:             C:\Program Files\Java\jdk1.8.0_251\jre
11-Jul-2020 18:40:35.375 INFO [main] org.apache.catalina.startup.VersionLoggerListener.log JVM Version:           1.8.0_251-b08
11-Jul-2020 18:40:35.375 INFO [main] org.apache.catalina.startup.VersionLoggerListener.log JVM Vendor:            Oracle Corporation
11-Jul-2020 18:40:35.375 INFO [main] org.apache.catalina.startup.VersionLoggerListener.log CATALINA_BASE:         C:\Servers\apache-tomcat-8.0.27
11-Jul-2020 18:40:35.375 INFO [main] org.apache.catalina.startup.VersionLoggerListener.log CATALINA_HOME:         C:\Servers\apache-tomcat-8.0.27
11-Jul-2020 18:40:35.375 INFO [main] org.apache.catalina.startup.VersionLoggerListener.log Command line argument: -Dhttp.nonProxyHosts=localhost|127.0.0.1|DESKTOP-86FMEIO
11-Jul-2020 18:40:35.375 INFO [main] org.apache.catalina.startup.VersionLoggerListener.log Command line argument: -Djava.util.logging.config.file=C:\Servers\apache-tomcat-8.0.27\conf\logging.properties
11-Jul-2020 18:40:35.375 INFO [main] org.apache.catalina.startup.VersionLoggerListener.log Command line argument: -Djava.util.logging.manager=org.apache.juli.ClassLoaderLogManager
11-Jul-2020 18:40:35.375 INFO [main] org.apache.catalina.startup.VersionLoggerListener.log Command line argument: -Djava.endorsed.dirs=C:\Servers\apache-tomcat-8.0.27\endorsed
11-Jul-2020 18:40:35.376 INFO [main] org.apache.catalina.startup.VersionLoggerListener.log Command line argument: -Dcatalina.base=C:\Servers\apache-tomcat-8.0.27
11-Jul-2020 18:40:35.376 INFO [main] org.apache.catalina.startup.VersionLoggerListener.log Command line argument: -Dcatalina.home=C:\Servers\apache-tomcat-8.0.27
11-Jul-2020 18:40:35.376 INFO [main] org.apache.catalina.startup.VersionLoggerListener.log Command line argument: -Djava.io.tmpdir=C:\Servers\apache-tomcat-8.0.27\temp
11-Jul-2020 18:40:35.376 INFO [main] org.apache.catalina.core.AprLifecycleListener.lifecycleEvent La biblioteca nativa de Apache Tomcat basada en ARP que permite un rendimiento óptimo en entornos de desarrollo no ha sido hallada en java.library.path: C:\Program Files\Java\jdk1.8.0_251\bin;C:\WINDOWS\Sun\Java\bin;C:\WINDOWS\system32;C:\WINDOWS;C:\Program Files (x86)\Common Files\Oracle\Java\javapath;D:\app\USER\product\12.2.0\dbhome_1\bin;C:\Program Files\NVIDIA GPU Computing Toolkit\CUDA\v10.2\bin;C:\Program Files\NVIDIA GPU Computing Toolkit\CUDA\v10.2\libnvvp;"C:\Program Files (x86)\Common Files\Oracle\Java\javapath;C:\Program Files\Java\jdk1.8.0_171\bin";C:\Program Files (x86)\Intel\iCLS Client\;C:\Program Files\Intel\iCLS Client\;C:\Windows\system32;C:\Windows;C:\Windows\System32\Wbem;C:\Windows\System32\WindowsPowerShell\v1.0\;C:\Program Files (x86)\Intel\Intel(R) Management Engine Components\DAL;C:\Program Files\Intel\Intel(R) Management Engine Components\DAL;C:\Program Files (x86)\Intel\Intel(R) Management Engine Components\IPT;C:\Program Files\Intel\Intel(R) Management Engine Components\IPT;C:\Program Files (x86)\NVIDIA Corporation\PhysX\Common;C:\WINDOWS\system32;C:\WINDOWS;C:\WINDOWS\System32\Wbem;C:\WINDOWS\System32\WindowsPowerShell\v1.0\;C:\WINDOWS\System32\OpenSSH\;C:\Program Files (x86)\Rational\common;C:\Users\USER\AppData\Local\Programs\Python\Python37\;C:\WINDOWS\system32;C:\WINDOWS;C:\WINDOWS\System32\Wbem;C:\WINDOWS\System32\WindowsPowerShell\v1.0\;C:\emacs\bin;C:\WINDOWS\System32\OpenSSH\;C:\sbcl\;C:\Program Files\NVIDIA Corporation\Nsight Compute 2019.5.0\;C:\Program Files\Git\cmd;C:\Program Files\nodejs\;C:\Program Files\Java\jdk1.8.0_171\bin;C:\Program Files\Java\jdk1.8.0_251\bin;C:\Program Files\Java\jdk1.8.0_221\bin;C:\Program Files\MySQL\MySQL Shell 8.0\bin\;C:\Users\USER\Anaconda3;C:\Users\USER\Anaconda3\Library\mingw-w64\bin;C:\Users\USER\Anaconda3\Library\usr\bin;C:\Users\USER\Anaconda3\Library\bin;C:\Users\USER\Anaconda3\Scripts;C:\Program Files\apache-maven-3.6.3\bin;C:\Program Files\Java\jdk-12.0.1\bin;C:\javacc-5.0\bin;C:\Users\USER\AppData\Local\Microsoft\WindowsApps;C:\Users\USER\AppData\Local\Programs\Microsoft VS Code\bin;C:\Program Files (x86)\Microsoft Visual Studio\2019\Community\VC\Tools\MSVC\14.23.28105\bin\Hostx64\x64\cl.exe;C:\Program Files (x86)\Microsoft Visual Studio\2019\Community\VC\Tools\MSVC\14.23.28105\bin\Hostx64\x64;C:\Users\USER\AppData\Local\Programs\Python\Python37\Scripts\;C:\Program Files\MongoDB\Server\4.2\bin;C:\Users\USER\AppData\Roaming\npm;C:\xampp\php;.
11-Jul-2020 18:40:35.479 INFO [main] org.apache.coyote.AbstractProtocol.init Initializing ProtocolHandler ["http-nio-8080"]
11-Jul-2020 18:40:35.597 INFO [main] org.apache.tomcat.util.net.NioSelectorPool.getSharedSelector Using a shared selector for servlet write/read
11-Jul-2020 18:40:35.599 INFO [main] org.apache.coyote.AbstractProtocol.init Initializing ProtocolHandler ["ajp-nio-8009"]
11-Jul-2020 18:40:35.600 INFO [main] org.apache.tomcat.util.net.NioSelectorPool.getSharedSelector Using a shared selector for servlet write/read
11-Jul-2020 18:40:35.601 INFO [main] org.apache.catalina.startup.Catalina.load Initialization processed in 459 ms
11-Jul-2020 18:40:35.620 INFO [main] org.apache.catalina.core.StandardService.startInternal Arrancando servicio Catalina
11-Jul-2020 18:40:35.620 INFO [main] org.apache.catalina.core.StandardEngine.startInternal Starting Servlet Engine: Apache Tomcat/8.0.27
11-Jul-2020 18:40:35.627 INFO [localhost-startStop-1] org.apache.catalina.startup.HostConfig.deployDescriptor Desplieque del descriptor de configuración C:\Servers\apache-tomcat-8.0.27\conf\Catalina\localhost\Articulos-JSP-Servlet.xml
11-Jul-2020 18:40:36.011 INFO [localhost-startStop-1] org.apache.jasper.servlet.TldScanner.scanJars Al menos un JAR, que se ha explorado buscando TLDs, aún no contenía TLDs. Activar historial de depuración para este historiador para una completa lista de los JARs que fueron explorados y de los que nos se halló TLDs. Saltarse JARs no necesarios durante la exploración puede dar lugar a una mejora de tiempo significativa en el arranque y compilación de JSP .
11-Jul-2020 18:40:36.062 INFO [localhost-startStop-1] org.apache.catalina.startup.HostConfig.deployDescriptor Deployment of configuration descriptor C:\Servers\apache-tomcat-8.0.27\conf\Catalina\localhost\Articulos-JSP-Servlet.xml has finished in 433 ms
11-Jul-2020 18:40:36.062 INFO [localhost-startStop-1] org.apache.catalina.startup.HostConfig.deployDirectory Despliegue del directorio C:\Servers\apache-tomcat-8.0.27\webapps\docs de la aplicación web
11-Jul-2020 18:40:36.076 INFO [localhost-startStop-1] org.apache.catalina.startup.HostConfig.deployDirectory Deployment of web application directory C:\Servers\apache-tomcat-8.0.27\webapps\docs has finished in 14 ms
11-Jul-2020 18:40:36.076 INFO [localhost-startStop-1] org.apache.catalina.startup.HostConfig.deployDirectory Despliegue del directorio C:\Servers\apache-tomcat-8.0.27\webapps\examples de la aplicación web
11-Jul-2020 18:40:36.278 INFO [localhost-startStop-1] org.apache.catalina.startup.HostConfig.deployDirectory Deployment of web application directory C:\Servers\apache-tomcat-8.0.27\webapps\examples has finished in 202 ms
11-Jul-2020 18:40:36.278 INFO [localhost-startStop-1] org.apache.catalina.startup.HostConfig.deployDirectory Despliegue del directorio C:\Servers\apache-tomcat-8.0.27\webapps\host-manager de la aplicación web
11-Jul-2020 18:40:36.310 INFO [localhost-startStop-1] org.apache.catalina.startup.HostConfig.deployDirectory Deployment of web application directory C:\Servers\apache-tomcat-8.0.27\webapps\host-manager has finished in 32 ms
11-Jul-2020 18:40:36.310 INFO [localhost-startStop-1] org.apache.catalina.startup.HostConfig.deployDirectory Despliegue del directorio C:\Servers\apache-tomcat-8.0.27\webapps\manager de la aplicación web
11-Jul-2020 18:40:36.332 INFO [localhost-startStop-1] org.apache.catalina.startup.HostConfig.deployDirectory Deployment of web application directory C:\Servers\apache-tomcat-8.0.27\webapps\manager has finished in 21 ms
11-Jul-2020 18:40:36.332 INFO [localhost-startStop-1] org.apache.catalina.startup.HostConfig.deployDirectory Despliegue del directorio C:\Servers\apache-tomcat-8.0.27\webapps\ROOT de la aplicación web
11-Jul-2020 18:40:36.345 INFO [localhost-startStop-1] org.apache.catalina.startup.HostConfig.deployDirectory Deployment of web application directory C:\Servers\apache-tomcat-8.0.27\webapps\ROOT has finished in 13 ms
11-Jul-2020 18:40:36.347 INFO [main] org.apache.coyote.AbstractProtocol.start Starting ProtocolHandler ["http-nio-8080"]
11-Jul-2020 18:40:36.352 INFO [main] org.apache.coyote.AbstractProtocol.start Starting ProtocolHandler ["ajp-nio-8009"]
11-Jul-2020 18:40:36.353 INFO [main] org.apache.catalina.startup.Catalina.start Server startup in 752 ms
11-Jul-2020 18:40:36.990 INFO [http-nio-8080-exec-9] org.apache.catalina.startup.HostConfig.undeploy Repliegue (undeploy) de la aplicación web que tiene como trayectoria de contexto /Articulos-JSP-Servlet
11-Jul-2020 18:40:37.006 INFO [http-nio-8080-exec-11] org.apache.catalina.startup.HostConfig.deployDescriptor Desplieque del descriptor de configuración C:\Servers\apache-tomcat-8.0.27\conf\Catalina\localhost\Articulos-JSP-Servlet.xml
11-Jul-2020 18:40:37.199 INFO [http-nio-8080-exec-11] org.apache.catalina.startup.HostConfig.deployDescriptor Deployment of configuration descriptor C:\Servers\apache-tomcat-8.0.27\conf\Catalina\localhost\Articulos-JSP-Servlet.xml has finished in 193 ms
11-Jul-2020 18:40:37.203 INFO [http-nio-8080-exec-2] org.apache.catalina.util.LifecycleBase.start The start() method was called on component [StandardEngine[Catalina].StandardHost[localhost].StandardContext[/Articulos-JSP-Servlet]] after start() had already been called. The second call will be ignored.
11-Jul-2020 18:47:19.828 WARNING [http-nio-8080-exec-12] org.apache.catalina.loader.WebappClassLoaderBase.clearReferencesJdbc La aplicación web [Articulos-JSP-Servlet] registró el conductor JDBC [com.mysql.jdbc.Driver] pero falló al anular el registro mientras la aplicación web estaba parada. Para prevenir un fallo de memoria, se ha anulado el registro del conductor JDBC por la fuerza.
11-Jul-2020 18:47:19.829 WARNING [http-nio-8080-exec-12] org.apache.catalina.loader.WebappClassLoaderBase.clearReferencesThreads The web application [Articulos-JSP-Servlet] appears to have started a thread named [Abandoned connection cleanup thread] but has failed to stop it. This is very likely to create a memory leak. Stack trace of thread:
 java.lang.Object.wait(Native Method)
 java.lang.ref.ReferenceQueue.remove(ReferenceQueue.java:144)
 com.mysql.jdbc.AbandonedConnectionCleanupThread.run(AbandonedConnectionCleanupThread.java:41)
11-Jul-2020 18:47:20.333 INFO [http-nio-8080-exec-12] org.apache.catalina.startup.HostConfig.undeploy Repliegue (undeploy) de la aplicación web que tiene como trayectoria de contexto /Articulos-JSP-Servlet
11-Jul-2020 18:47:20.346 INFO [http-nio-8080-exec-13] org.apache.catalina.startup.HostConfig.deployDescriptor Desplieque del descriptor de configuración C:\Servers\apache-tomcat-8.0.27\conf\Catalina\localhost\Articulos-JSP-Servlet.xml
11-Jul-2020 18:47:20.513 INFO [http-nio-8080-exec-13] org.apache.catalina.startup.HostConfig.deployDescriptor Deployment of configuration descriptor C:\Servers\apache-tomcat-8.0.27\conf\Catalina\localhost\Articulos-JSP-Servlet.xml has finished in 167 ms
11-Jul-2020 18:47:20.517 INFO [http-nio-8080-exec-17] org.apache.catalina.util.LifecycleBase.start The start() method was called on component [StandardEngine[Catalina].StandardHost[localhost].StandardContext[/Articulos-JSP-Servlet]] after start() had already been called. The second call will be ignored.
11-Jul-2020 18:47:36.778 INFO [http-nio-8080-exec-25] org.apache.catalina.startup.HostConfig.undeploy Repliegue (undeploy) de la aplicación web que tiene como trayectoria de contexto /Articulos-JSP-Servlet
11-Jul-2020 18:47:36.797 INFO [http-nio-8080-exec-23] org.apache.catalina.startup.HostConfig.deployDescriptor Desplieque del descriptor de configuración C:\Servers\apache-tomcat-8.0.27\conf\Catalina\localhost\Articulos-JSP-Servlet.xml
11-Jul-2020 18:47:36.954 INFO [http-nio-8080-exec-23] org.apache.catalina.startup.HostConfig.deployDescriptor Deployment of configuration descriptor C:\Servers\apache-tomcat-8.0.27\conf\Catalina\localhost\Articulos-JSP-Servlet.xml has finished in 157 ms
11-Jul-2020 18:47:36.958 INFO [http-nio-8080-exec-11] org.apache.catalina.util.LifecycleBase.start The start() method was called on component [StandardEngine[Catalina].StandardHost[localhost].StandardContext[/Articulos-JSP-Servlet]] after start() had already been called. The second call will be ignored.
11-Jul-2020 18:49:59.016 INFO [http-nio-8080-exec-33] org.apache.catalina.core.StandardContext.reload Ha comenzado la recarga de Contexto [/Articulos-JSP-Servlet]
11-Jul-2020 18:49:59.020 WARNING [http-nio-8080-exec-33] org.apache.catalina.loader.WebappClassLoaderBase.clearReferencesJdbc La aplicación web [Articulos-JSP-Servlet] registró el conductor JDBC [com.mysql.jdbc.Driver] pero falló al anular el registro mientras la aplicación web estaba parada. Para prevenir un fallo de memoria, se ha anulado el registro del conductor JDBC por la fuerza.
11-Jul-2020 18:49:59.020 WARNING [http-nio-8080-exec-33] org.apache.catalina.loader.WebappClassLoaderBase.clearReferencesThreads The web application [Articulos-JSP-Servlet] appears to have started a thread named [Abandoned connection cleanup thread] but has failed to stop it. This is very likely to create a memory leak. Stack trace of thread:
 java.lang.Object.wait(Native Method)
 java.lang.ref.ReferenceQueue.remove(ReferenceQueue.java:144)
 com.mysql.jdbc.AbandonedConnectionCleanupThread.run(AbandonedConnectionCleanupThread.java:41)
11-Jul-2020 18:49:59.250 INFO [http-nio-8080-exec-33] org.apache.catalina.core.StandardContext.reload Se ha completado la recarga de este Contexto
11-Jul-2020 18:55:20.577 INFO [http-nio-8080-exec-37] org.apache.catalina.core.StandardContext.reload Ha comenzado la recarga de Contexto [/Articulos-JSP-Servlet]
11-Jul-2020 18:55:20.580 WARNING [http-nio-8080-exec-37] org.apache.catalina.loader.WebappClassLoaderBase.clearReferencesJdbc La aplicación web [Articulos-JSP-Servlet] registró el conductor JDBC [com.mysql.jdbc.Driver] pero falló al anular el registro mientras la aplicación web estaba parada. Para prevenir un fallo de memoria, se ha anulado el registro del conductor JDBC por la fuerza.
11-Jul-2020 18:55:20.581 WARNING [http-nio-8080-exec-37] org.apache.catalina.loader.WebappClassLoaderBase.clearReferencesThreads The web application [Articulos-JSP-Servlet] appears to have started a thread named [Abandoned connection cleanup thread] but has failed to stop it. This is very likely to create a memory leak. Stack trace of thread:
 java.lang.Object.wait(Native Method)
 java.lang.ref.ReferenceQueue.remove(ReferenceQueue.java:144)
 com.mysql.jdbc.AbandonedConnectionCleanupThread.run(AbandonedConnectionCleanupThread.java:41)
11-Jul-2020 18:55:20.731 INFO [http-nio-8080-exec-37] org.apache.catalina.core.StandardContext.reload Se ha completado la recarga de este Contexto
11-Jul-2020 18:55:40.634 INFO [http-nio-8080-exec-38] org.apache.catalina.core.StandardContext.reload Ha comenzado la recarga de Contexto [/Articulos-JSP-Servlet]
11-Jul-2020 18:55:40.786 INFO [http-nio-8080-exec-38] org.apache.catalina.core.StandardContext.reload Se ha completado la recarga de este Contexto
11-Jul-2020 19:00:03.660 WARNING [http-nio-8080-exec-49] org.apache.catalina.loader.WebappClassLoaderBase.clearReferencesJdbc La aplicación web [Articulos-JSP-Servlet] registró el conductor JDBC [com.mysql.jdbc.Driver] pero falló al anular el registro mientras la aplicación web estaba parada. Para prevenir un fallo de memoria, se ha anulado el registro del conductor JDBC por la fuerza.
11-Jul-2020 19:00:03.661 WARNING [http-nio-8080-exec-49] org.apache.catalina.loader.WebappClassLoaderBase.clearReferencesThreads The web application [Articulos-JSP-Servlet] appears to have started a thread named [Abandoned connection cleanup thread] but has failed to stop it. This is very likely to create a memory leak. Stack trace of thread:
 java.lang.Object.wait(Native Method)
 java.lang.ref.ReferenceQueue.remove(ReferenceQueue.java:144)
 com.mysql.jdbc.AbandonedConnectionCleanupThread.run(AbandonedConnectionCleanupThread.java:41)
11-Jul-2020 19:00:04.162 INFO [http-nio-8080-exec-49] org.apache.catalina.startup.HostConfig.undeploy Repliegue (undeploy) de la aplicación web que tiene como trayectoria de contexto /Articulos-JSP-Servlet
11-Jul-2020 19:00:04.178 INFO [http-nio-8080-exec-48] org.apache.catalina.startup.HostConfig.deployDescriptor Desplieque del descriptor de configuración C:\Servers\apache-tomcat-8.0.27\conf\Catalina\localhost\Articulos-JSP-Servlet.xml
11-Jul-2020 19:00:04.338 INFO [http-nio-8080-exec-48] org.apache.catalina.startup.HostConfig.deployDescriptor Deployment of configuration descriptor C:\Servers\apache-tomcat-8.0.27\conf\Catalina\localhost\Articulos-JSP-Servlet.xml has finished in 160 ms
11-Jul-2020 19:00:04.342 INFO [http-nio-8080-exec-53] org.apache.catalina.util.LifecycleBase.start The start() method was called on component [StandardEngine[Catalina].StandardHost[localhost].StandardContext[/Articulos-JSP-Servlet]] after start() had already been called. The second call will be ignored.
11-Jul-2020 19:01:43.531 INFO [main] org.apache.catalina.core.StandardServer.await Se ha recibido un comando de apagado a través del puerto de apagado. Parando la instancia del Servidor.
11-Jul-2020 19:01:43.531 INFO [main] org.apache.coyote.AbstractProtocol.pause Pausing ProtocolHandler ["http-nio-8080"]
11-Jul-2020 19:01:43.583 INFO [main] org.apache.coyote.AbstractProtocol.pause Pausing ProtocolHandler ["ajp-nio-8009"]
11-Jul-2020 19:01:43.633 INFO [main] org.apache.catalina.core.StandardService.stopInternal Parando servicio Catalina
11-Jul-2020 19:01:43.645 INFO [main] org.apache.coyote.AbstractProtocol.stop Stopping ProtocolHandler ["http-nio-8080"]
11-Jul-2020 19:01:43.646 INFO [main] org.apache.coyote.AbstractProtocol.stop Stopping ProtocolHandler ["ajp-nio-8009"]
11-Jul-2020 19:01:43.647 INFO [main] org.apache.coyote.AbstractProtocol.destroy Destroying ProtocolHandler ["http-nio-8080"]
11-Jul-2020 19:01:43.648 INFO [main] org.apache.coyote.AbstractProtocol.destroy Destroying ProtocolHandler ["ajp-nio-8009"]
11-Jul-2020 19:43:29.225 INFO [main] org.apache.catalina.startup.VersionLoggerListener.log Server version:        Apache Tomcat/8.0.27
11-Jul-2020 19:43:29.226 INFO [main] org.apache.catalina.startup.VersionLoggerListener.log Server built:          Sep 28 2015 08:17:25 UTC
11-Jul-2020 19:43:29.226 INFO [main] org.apache.catalina.startup.VersionLoggerListener.log Server number:         8.0.27.0
11-Jul-2020 19:43:29.226 INFO [main] org.apache.catalina.startup.VersionLoggerListener.log OS Name:               Windows 10
11-Jul-2020 19:43:29.226 INFO [main] org.apache.catalina.startup.VersionLoggerListener.log OS Version:            10.0
11-Jul-2020 19:43:29.226 INFO [main] org.apache.catalina.startup.VersionLoggerListener.log Architecture:          amd64
11-Jul-2020 19:43:29.226 INFO [main] org.apache.catalina.startup.VersionLoggerListener.log Java Home:             C:\Program Files\Java\jdk1.8.0_251\jre
11-Jul-2020 19:43:29.226 INFO [main] org.apache.catalina.startup.VersionLoggerListener.log JVM Version:           1.8.0_251-b08
11-Jul-2020 19:43:29.226 INFO [main] org.apache.catalina.startup.VersionLoggerListener.log JVM Vendor:            Oracle Corporation
11-Jul-2020 19:43:29.226 INFO [main] org.apache.catalina.startup.VersionLoggerListener.log CATALINA_BASE:         C:\Servers\apache-tomcat-8.0.27
11-Jul-2020 19:43:29.227 INFO [main] org.apache.catalina.startup.VersionLoggerListener.log CATALINA_HOME:         C:\Servers\apache-tomcat-8.0.27
11-Jul-2020 19:43:29.227 INFO [main] org.apache.catalina.startup.VersionLoggerListener.log Command line argument: -Dhttp.nonProxyHosts=localhost|127.0.0.1|DESKTOP-86FMEIO
11-Jul-2020 19:43:29.227 INFO [main] org.apache.catalina.startup.VersionLoggerListener.log Command line argument: -Djava.util.logging.config.file=C:\Servers\apache-tomcat-8.0.27\conf\logging.properties
11-Jul-2020 19:43:29.227 INFO [main] org.apache.catalina.startup.VersionLoggerListener.log Command line argument: -Djava.util.logging.manager=org.apache.juli.ClassLoaderLogManager
11-Jul-2020 19:43:29.227 INFO [main] org.apache.catalina.startup.VersionLoggerListener.log Command line argument: -Djava.endorsed.dirs=C:\Servers\apache-tomcat-8.0.27\endorsed
11-Jul-2020 19:43:29.227 INFO [main] org.apache.catalina.startup.VersionLoggerListener.log Command line argument: -Dcatalina.base=C:\Servers\apache-tomcat-8.0.27
11-Jul-2020 19:43:29.227 INFO [main] org.apache.catalina.startup.VersionLoggerListener.log Command line argument: -Dcatalina.home=C:\Servers\apache-tomcat-8.0.27
11-Jul-2020 19:43:29.227 INFO [main] org.apache.catalina.startup.VersionLoggerListener.log Command line argument: -Djava.io.tmpdir=C:\Servers\apache-tomcat-8.0.27\temp
11-Jul-2020 19:43:29.227 INFO [main] org.apache.catalina.core.AprLifecycleListener.lifecycleEvent La biblioteca nativa de Apache Tomcat basada en ARP que permite un rendimiento óptimo en entornos de desarrollo no ha sido hallada en java.library.path: C:\Program Files\Java\jdk1.8.0_251\bin;C:\WINDOWS\Sun\Java\bin;C:\WINDOWS\system32;C:\WINDOWS;C:\Program Files (x86)\Common Files\Oracle\Java\javapath;D:\app\USER\product\12.2.0\dbhome_1\bin;C:\Program Files\NVIDIA GPU Computing Toolkit\CUDA\v10.2\bin;C:\Program Files\NVIDIA GPU Computing Toolkit\CUDA\v10.2\libnvvp;"C:\Program Files (x86)\Common Files\Oracle\Java\javapath;C:\Program Files\Java\jdk1.8.0_171\bin";C:\Program Files (x86)\Intel\iCLS Client\;C:\Program Files\Intel\iCLS Client\;C:\Windows\system32;C:\Windows;C:\Windows\System32\Wbem;C:\Windows\System32\WindowsPowerShell\v1.0\;C:\Program Files (x86)\Intel\Intel(R) Management Engine Components\DAL;C:\Program Files\Intel\Intel(R) Management Engine Components\DAL;C:\Program Files (x86)\Intel\Intel(R) Management Engine Components\IPT;C:\Program Files\Intel\Intel(R) Management Engine Components\IPT;C:\Program Files (x86)\NVIDIA Corporation\PhysX\Common;C:\WINDOWS\system32;C:\WINDOWS;C:\WINDOWS\System32\Wbem;C:\WINDOWS\System32\WindowsPowerShell\v1.0\;C:\WINDOWS\System32\OpenSSH\;C:\Program Files (x86)\Rational\common;C:\Users\USER\AppData\Local\Programs\Python\Python37\;C:\WINDOWS\system32;C:\WINDOWS;C:\WINDOWS\System32\Wbem;C:\WINDOWS\System32\WindowsPowerShell\v1.0\;C:\emacs\bin;C:\WINDOWS\System32\OpenSSH\;C:\sbcl\;C:\Program Files\NVIDIA Corporation\Nsight Compute 2019.5.0\;C:\Program Files\Git\cmd;C:\Program Files\nodejs\;C:\Program Files\Java\jdk1.8.0_171\bin;C:\Program Files\Java\jdk1.8.0_251\bin;C:\Program Files\Java\jdk1.8.0_221\bin;C:\Program Files\MySQL\MySQL Shell 8.0\bin\;C:\Users\USER\Anaconda3;C:\Users\USER\Anaconda3\Library\mingw-w64\bin;C:\Users\USER\Anaconda3\Library\usr\bin;C:\Users\USER\Anaconda3\Library\bin;C:\Users\USER\Anaconda3\Scripts;C:\Program Files\apache-maven-3.6.3\bin;C:\Program Files\Java\jdk-12.0.1\bin;C:\javacc-5.0\bin;C:\Users\USER\AppData\Local\Microsoft\WindowsApps;C:\Users\USER\AppData\Local\Programs\Microsoft VS Code\bin;C:\Program Files (x86)\Microsoft Visual Studio\2019\Community\VC\Tools\MSVC\14.23.28105\bin\Hostx64\x64\cl.exe;C:\Program Files (x86)\Microsoft Visual Studio\2019\Community\VC\Tools\MSVC\14.23.28105\bin\Hostx64\x64;C:\Users\USER\AppData\Local\Programs\Python\Python37\Scripts\;C:\Program Files\MongoDB\Server\4.2\bin;C:\Users\USER\AppData\Roaming\npm;C:\xampp\php;.
11-Jul-2020 19:43:29.333 INFO [main] org.apache.coyote.AbstractProtocol.init Initializing ProtocolHandler ["http-nio-8080"]
11-Jul-2020 19:43:29.456 INFO [main] org.apache.tomcat.util.net.NioSelectorPool.getSharedSelector Using a shared selector for servlet write/read
11-Jul-2020 19:43:29.457 INFO [main] org.apache.coyote.AbstractProtocol.init Initializing ProtocolHandler ["ajp-nio-8009"]
11-Jul-2020 19:43:29.459 INFO [main] org.apache.tomcat.util.net.NioSelectorPool.getSharedSelector Using a shared selector for servlet write/read
11-Jul-2020 19:43:29.459 INFO [main] org.apache.catalina.startup.Catalina.load Initialization processed in 489 ms
11-Jul-2020 19:43:29.477 INFO [main] org.apache.catalina.core.StandardService.startInternal Arrancando servicio Catalina
11-Jul-2020 19:43:29.477 INFO [main] org.apache.catalina.core.StandardEngine.startInternal Starting Servlet Engine: Apache Tomcat/8.0.27
11-Jul-2020 19:43:29.483 INFO [localhost-startStop-1] org.apache.catalina.startup.HostConfig.deployDescriptor Desplieque del descriptor de configuración C:\Servers\apache-tomcat-8.0.27\conf\Catalina\localhost\Articulos-JSP-Servlet.xml
11-Jul-2020 19:43:29.887 INFO [localhost-startStop-1] org.apache.jasper.servlet.TldScanner.scanJars Al menos un JAR, que se ha explorado buscando TLDs, aún no contenía TLDs. Activar historial de depuración para este historiador para una completa lista de los JARs que fueron explorados y de los que nos se halló TLDs. Saltarse JARs no necesarios durante la exploración puede dar lugar a una mejora de tiempo significativa en el arranque y compilación de JSP .
11-Jul-2020 19:43:29.945 INFO [localhost-startStop-1] org.apache.catalina.startup.HostConfig.deployDescriptor Deployment of configuration descriptor C:\Servers\apache-tomcat-8.0.27\conf\Catalina\localhost\Articulos-JSP-Servlet.xml has finished in 460 ms
11-Jul-2020 19:43:29.945 INFO [localhost-startStop-1] org.apache.catalina.startup.HostConfig.deployDirectory Despliegue del directorio C:\Servers\apache-tomcat-8.0.27\webapps\docs de la aplicación web
11-Jul-2020 19:43:29.960 INFO [localhost-startStop-1] org.apache.catalina.startup.HostConfig.deployDirectory Deployment of web application directory C:\Servers\apache-tomcat-8.0.27\webapps\docs has finished in 15 ms
11-Jul-2020 19:43:29.960 INFO [localhost-startStop-1] org.apache.catalina.startup.HostConfig.deployDirectory Despliegue del directorio C:\Servers\apache-tomcat-8.0.27\webapps\examples de la aplicación web
11-Jul-2020 19:43:30.173 INFO [localhost-startStop-1] org.apache.catalina.startup.HostConfig.deployDirectory Deployment of web application directory C:\Servers\apache-tomcat-8.0.27\webapps\examples has finished in 212 ms
11-Jul-2020 19:43:30.173 INFO [localhost-startStop-1] org.apache.catalina.startup.HostConfig.deployDirectory Despliegue del directorio C:\Servers\apache-tomcat-8.0.27\webapps\host-manager de la aplicación web
11-Jul-2020 19:43:30.201 INFO [localhost-startStop-1] org.apache.catalina.startup.HostConfig.deployDirectory Deployment of web application directory C:\Servers\apache-tomcat-8.0.27\webapps\host-manager has finished in 28 ms
11-Jul-2020 19:43:30.201 INFO [localhost-startStop-1] org.apache.catalina.startup.HostConfig.deployDirectory Despliegue del directorio C:\Servers\apache-tomcat-8.0.27\webapps\manager de la aplicación web
11-Jul-2020 19:43:30.226 INFO [localhost-startStop-1] org.apache.catalina.startup.HostConfig.deployDirectory Deployment of web application directory C:\Servers\apache-tomcat-8.0.27\webapps\manager has finished in 25 ms
11-Jul-2020 19:43:30.227 INFO [localhost-startStop-1] org.apache.catalina.startup.HostConfig.deployDirectory Despliegue del directorio C:\Servers\apache-tomcat-8.0.27\webapps\ROOT de la aplicación web
11-Jul-2020 19:43:30.245 INFO [localhost-startStop-1] org.apache.catalina.startup.HostConfig.deployDirectory Deployment of web application directory C:\Servers\apache-tomcat-8.0.27\webapps\ROOT has finished in 18 ms
11-Jul-2020 19:43:30.247 INFO [main] org.apache.coyote.AbstractProtocol.start Starting ProtocolHandler ["http-nio-8080"]
11-Jul-2020 19:43:30.252 INFO [main] org.apache.coyote.AbstractProtocol.start Starting ProtocolHandler ["ajp-nio-8009"]
11-Jul-2020 19:43:30.255 INFO [main] org.apache.catalina.startup.Catalina.start Server startup in 794 ms
11-Jul-2020 19:43:30.739 INFO [http-nio-8080-exec-9] org.apache.catalina.startup.HostConfig.deployDescriptor Desplieque del descriptor de configuración C:\Servers\apache-tomcat-8.0.27\conf\Catalina\localhost\App_BDEscuela2.xml
11-Jul-2020 19:43:30.929 INFO [http-nio-8080-exec-9] org.apache.jasper.servlet.TldScanner.scanJars Al menos un JAR, que se ha explorado buscando TLDs, aún no contenía TLDs. Activar historial de depuración para este historiador para una completa lista de los JARs que fueron explorados y de los que nos se halló TLDs. Saltarse JARs no necesarios durante la exploración puede dar lugar a una mejora de tiempo significativa en el arranque y compilación de JSP .
11-Jul-2020 19:43:30.943 INFO [http-nio-8080-exec-9] org.apache.catalina.startup.HostConfig.deployDescriptor Deployment of configuration descriptor C:\Servers\apache-tomcat-8.0.27\conf\Catalina\localhost\App_BDEscuela2.xml has finished in 203 ms
11-Jul-2020 19:43:30.948 INFO [http-nio-8080-exec-10] org.apache.catalina.util.LifecycleBase.start The start() method was called on component [StandardEngine[Catalina].StandardHost[localhost].StandardContext[/App_BDEscuela2]] after start() had already been called. The second call will be ignored.
11-Jul-2020 19:44:31.611 INFO [http-nio-8080-exec-4] org.apache.catalina.core.StandardContext.reload Ha comenzado la recarga de Contexto [/App_BDEscuela2]
11-Jul-2020 19:44:31.751 INFO [http-nio-8080-exec-4] org.apache.jasper.servlet.TldScanner.scanJars Al menos un JAR, que se ha explorado buscando TLDs, aún no contenía TLDs. Activar historial de depuración para este historiador para una completa lista de los JARs que fueron explorados y de los que nos se halló TLDs. Saltarse JARs no necesarios durante la exploración puede dar lugar a una mejora de tiempo significativa en el arranque y compilación de JSP .
11-Jul-2020 19:44:31.761 INFO [http-nio-8080-exec-4] org.apache.catalina.core.StandardContext.reload Se ha completado la recarga de este Contexto
11-Jul-2020 19:48:14.857 INFO [http-nio-8080-exec-15] org.apache.catalina.core.StandardContext.reload Ha comenzado la recarga de Contexto [/App_BDEscuela2]
11-Jul-2020 19:48:14.860 WARNING [http-nio-8080-exec-15] org.apache.catalina.loader.WebappClassLoaderBase.clearReferencesJdbc La aplicación web [App_BDEscuela2] registró el conductor JDBC [com.mysql.jdbc.Driver] pero falló al anular el registro mientras la aplicación web estaba parada. Para prevenir un fallo de memoria, se ha anulado el registro del conductor JDBC por la fuerza.
11-Jul-2020 19:48:14.939 INFO [http-nio-8080-exec-15] org.apache.jasper.servlet.TldScanner.scanJars Al menos un JAR, que se ha explorado buscando TLDs, aún no contenía TLDs. Activar historial de depuración para este historiador para una completa lista de los JARs que fueron explorados y de los que nos se halló TLDs. Saltarse JARs no necesarios durante la exploración puede dar lugar a una mejora de tiempo significativa en el arranque y compilación de JSP .
11-Jul-2020 19:48:14.955 INFO [http-nio-8080-exec-15] org.apache.catalina.core.StandardContext.reload Se ha completado la recarga de este Contexto
11-Jul-2020 19:48:23.829 INFO [http-nio-8080-exec-13] org.apache.catalina.core.StandardContext.reload Ha comenzado la recarga de Contexto [/App_BDEscuela2]
11-Jul-2020 19:48:24.028 INFO [http-nio-8080-exec-13] org.apache.jasper.servlet.TldScanner.scanJars Al menos un JAR, que se ha explorado buscando TLDs, aún no contenía TLDs. Activar historial de depuración para este historiador para una completa lista de los JARs que fueron explorados y de los que nos se halló TLDs. Saltarse JARs no necesarios durante la exploración puede dar lugar a una mejora de tiempo significativa en el arranque y compilación de JSP .
11-Jul-2020 19:48:24.037 INFO [http-nio-8080-exec-13] org.apache.catalina.core.StandardContext.reload Se ha completado la recarga de este Contexto
11-Jul-2020 19:48:24.056 INFO [http-nio-8080-exec-17] org.apache.catalina.core.StandardContext.reload Ha comenzado la recarga de Contexto [/App_BDEscuela2]
11-Jul-2020 19:48:24.223 INFO [http-nio-8080-exec-17] org.apache.jasper.servlet.TldScanner.scanJars Al menos un JAR, que se ha explorado buscando TLDs, aún no contenía TLDs. Activar historial de depuración para este historiador para una completa lista de los JARs que fueron explorados y de los que nos se halló TLDs. Saltarse JARs no necesarios durante la exploración puede dar lugar a una mejora de tiempo significativa en el arranque y compilación de JSP .
11-Jul-2020 19:48:24.233 INFO [http-nio-8080-exec-17] org.apache.catalina.core.StandardContext.reload Se ha completado la recarga de este Contexto
11-Jul-2020 19:48:25.545 INFO [http-nio-8080-exec-22] org.apache.catalina.core.StandardContext.reload Ha comenzado la recarga de Contexto [/App_BDEscuela2]
11-Jul-2020 19:48:25.685 INFO [http-nio-8080-exec-22] org.apache.jasper.servlet.TldScanner.scanJars Al menos un JAR, que se ha explorado buscando TLDs, aún no contenía TLDs. Activar historial de depuración para este historiador para una completa lista de los JARs que fueron explorados y de los que nos se halló TLDs. Saltarse JARs no necesarios durante la exploración puede dar lugar a una mejora de tiempo significativa en el arranque y compilación de JSP .
11-Jul-2020 19:48:25.698 INFO [http-nio-8080-exec-22] org.apache.catalina.core.StandardContext.reload Se ha completado la recarga de este Contexto
11-Jul-2020 20:22:36.538 INFO [main] org.apache.catalina.core.StandardServer.await Se ha recibido un comando de apagado a través del puerto de apagado. Parando la instancia del Servidor.
11-Jul-2020 20:22:36.538 INFO [main] org.apache.coyote.AbstractProtocol.pause Pausing ProtocolHandler ["http-nio-8080"]
11-Jul-2020 20:22:36.589 INFO [main] org.apache.coyote.AbstractProtocol.pause Pausing ProtocolHandler ["ajp-nio-8009"]
11-Jul-2020 20:22:36.640 INFO [main] org.apache.catalina.core.StandardService.stopInternal Parando servicio Catalina
11-Jul-2020 20:22:36.649 WARNING [localhost-startStop-2] org.apache.catalina.loader.WebappClassLoaderBase.clearReferencesThreads The web application [Articulos-JSP-Servlet] appears to have started a thread named [Abandoned connection cleanup thread] but has failed to stop it. This is very likely to create a memory leak. Stack trace of thread:
 java.lang.Object.wait(Native Method)
 java.lang.ref.ReferenceQueue.remove(ReferenceQueue.java:144)
 com.mysql.jdbc.AbandonedConnectionCleanupThread.run(AbandonedConnectionCleanupThread.java:41)
11-Jul-2020 20:22:36.655 WARNING [localhost-startStop-2] org.apache.catalina.loader.WebappClassLoaderBase.clearReferencesJdbc La aplicación web [App_BDEscuela2] registró el conductor JDBC [com.mysql.jdbc.Driver] pero falló al anular el registro mientras la aplicación web estaba parada. Para prevenir un fallo de memoria, se ha anulado el registro del conductor JDBC por la fuerza.
11-Jul-2020 20:22:36.656 WARNING [localhost-startStop-2] org.apache.catalina.loader.WebappClassLoaderBase.clearReferencesThreads The web application [App_BDEscuela2] appears to have started a thread named [mysql-cj-abandoned-connection-cleanup] but has failed to stop it. This is very likely to create a memory leak. Stack trace of thread:
 java.lang.Object.wait(Native Method)
 java.lang.ref.ReferenceQueue.remove(ReferenceQueue.java:144)
 com.mysql.jdbc.AbandonedConnectionCleanupThread.run(AbandonedConnectionCleanupThread.java:80)
 java.util.concurrent.ThreadPoolExecutor.runWorker(ThreadPoolExecutor.java:1149)
 java.util.concurrent.ThreadPoolExecutor$Worker.run(ThreadPoolExecutor.java:624)
 java.lang.Thread.run(Thread.java:748)
11-Jul-2020 20:22:36.659 INFO [main] org.apache.coyote.AbstractProtocol.stop Stopping ProtocolHandler ["http-nio-8080"]
11-Jul-2020 20:22:36.660 INFO [main] org.apache.coyote.AbstractProtocol.stop Stopping ProtocolHandler ["ajp-nio-8009"]
11-Jul-2020 20:22:36.661 INFO [main] org.apache.coyote.AbstractProtocol.destroy Destroying ProtocolHandler ["http-nio-8080"]
11-Jul-2020 20:22:36.661 INFO [main] org.apache.coyote.AbstractProtocol.destroy Destroying ProtocolHandler ["ajp-nio-8009"]
11-Jul-2020 20:37:54.689 INFO [main] org.apache.catalina.startup.VersionLoggerListener.log Server version:        Apache Tomcat/8.0.27
11-Jul-2020 20:37:54.690 INFO [main] org.apache.catalina.startup.VersionLoggerListener.log Server built:          Sep 28 2015 08:17:25 UTC
11-Jul-2020 20:37:54.690 INFO [main] org.apache.catalina.startup.VersionLoggerListener.log Server number:         8.0.27.0
11-Jul-2020 20:37:54.690 INFO [main] org.apache.catalina.startup.VersionLoggerListener.log OS Name:               Windows 10
11-Jul-2020 20:37:54.690 INFO [main] org.apache.catalina.startup.VersionLoggerListener.log OS Version:            10.0
11-Jul-2020 20:37:54.690 INFO [main] org.apache.catalina.startup.VersionLoggerListener.log Architecture:          amd64
11-Jul-2020 20:37:54.690 INFO [main] org.apache.catalina.startup.VersionLoggerListener.log Java Home:             C:\Program Files\Java\jdk1.8.0_251\jre
11-Jul-2020 20:37:54.690 INFO [main] org.apache.catalina.startup.VersionLoggerListener.log JVM Version:           1.8.0_251-b08
11-Jul-2020 20:37:54.690 INFO [main] org.apache.catalina.startup.VersionLoggerListener.log JVM Vendor:            Oracle Corporation
11-Jul-2020 20:37:54.691 INFO [main] org.apache.catalina.startup.VersionLoggerListener.log CATALINA_BASE:         C:\Servers\apache-tomcat-8.0.27
11-Jul-2020 20:37:54.691 INFO [main] org.apache.catalina.startup.VersionLoggerListener.log CATALINA_HOME:         C:\Servers\apache-tomcat-8.0.27
11-Jul-2020 20:37:54.691 INFO [main] org.apache.catalina.startup.VersionLoggerListener.log Command line argument: -Dhttp.nonProxyHosts=localhost|127.0.0.1|DESKTOP-86FMEIO
11-Jul-2020 20:37:54.691 INFO [main] org.apache.catalina.startup.VersionLoggerListener.log Command line argument: -Djava.util.logging.config.file=C:\Servers\apache-tomcat-8.0.27\conf\logging.properties
11-Jul-2020 20:37:54.691 INFO [main] org.apache.catalina.startup.VersionLoggerListener.log Command line argument: -Djava.util.logging.manager=org.apache.juli.ClassLoaderLogManager
11-Jul-2020 20:37:54.691 INFO [main] org.apache.catalina.startup.VersionLoggerListener.log Command line argument: -Djava.endorsed.dirs=C:\Servers\apache-tomcat-8.0.27\endorsed
11-Jul-2020 20:37:54.691 INFO [main] org.apache.catalina.startup.VersionLoggerListener.log Command line argument: -Dcatalina.base=C:\Servers\apache-tomcat-8.0.27
11-Jul-2020 20:37:54.693 INFO [main] org.apache.catalina.startup.VersionLoggerListener.log Command line argument: -Dcatalina.home=C:\Servers\apache-tomcat-8.0.27
11-Jul-2020 20:37:54.693 INFO [main] org.apache.catalina.startup.VersionLoggerListener.log Command line argument: -Djava.io.tmpdir=C:\Servers\apache-tomcat-8.0.27\temp
11-Jul-2020 20:37:54.693 INFO [main] org.apache.catalina.core.AprLifecycleListener.lifecycleEvent La biblioteca nativa de Apache Tomcat basada en ARP que permite un rendimiento óptimo en entornos de desarrollo no ha sido hallada en java.library.path: C:\Program Files\Java\jdk1.8.0_251\bin;C:\WINDOWS\Sun\Java\bin;C:\WINDOWS\system32;C:\WINDOWS;C:\Program Files (x86)\Common Files\Oracle\Java\javapath;D:\app\USER\product\12.2.0\dbhome_1\bin;C:\Program Files\NVIDIA GPU Computing Toolkit\CUDA\v10.2\bin;C:\Program Files\NVIDIA GPU Computing Toolkit\CUDA\v10.2\libnvvp;"C:\Program Files (x86)\Common Files\Oracle\Java\javapath;C:\Program Files\Java\jdk1.8.0_171\bin";C:\Program Files (x86)\Intel\iCLS Client\;C:\Program Files\Intel\iCLS Client\;C:\Windows\system32;C:\Windows;C:\Windows\System32\Wbem;C:\Windows\System32\WindowsPowerShell\v1.0\;C:\Program Files (x86)\Intel\Intel(R) Management Engine Components\DAL;C:\Program Files\Intel\Intel(R) Management Engine Components\DAL;C:\Program Files (x86)\Intel\Intel(R) Management Engine Components\IPT;C:\Program Files\Intel\Intel(R) Management Engine Components\IPT;C:\Program Files (x86)\NVIDIA Corporation\PhysX\Common;C:\WINDOWS\system32;C:\WINDOWS;C:\WINDOWS\System32\Wbem;C:\WINDOWS\System32\WindowsPowerShell\v1.0\;C:\WINDOWS\System32\OpenSSH\;C:\Program Files (x86)\Rational\common;C:\Users\USER\AppData\Local\Programs\Python\Python37\;C:\WINDOWS\system32;C:\WINDOWS;C:\WINDOWS\System32\Wbem;C:\WINDOWS\System32\WindowsPowerShell\v1.0\;C:\emacs\bin;C:\WINDOWS\System32\OpenSSH\;C:\sbcl\;C:\Program Files\NVIDIA Corporation\Nsight Compute 2019.5.0\;C:\Program Files\Git\cmd;C:\Program Files\nodejs\;C:\Program Files\Java\jdk1.8.0_171\bin;C:\Program Files\Java\jdk1.8.0_251\bin;C:\Program Files\Java\jdk1.8.0_221\bin;C:\Program Files\MySQL\MySQL Shell 8.0\bin\;C:\Users\USER\Anaconda3;C:\Users\USER\Anaconda3\Library\mingw-w64\bin;C:\Users\USER\Anaconda3\Library\usr\bin;C:\Users\USER\Anaconda3\Library\bin;C:\Users\USER\Anaconda3\Scripts;C:\Program Files\apache-maven-3.6.3\bin;C:\Program Files\Java\jdk-12.0.1\bin;C:\javacc-5.0\bin;C:\Users\USER\AppData\Local\Microsoft\WindowsApps;C:\Users\USER\AppData\Local\Programs\Microsoft VS Code\bin;C:\Program Files (x86)\Microsoft Visual Studio\2019\Community\VC\Tools\MSVC\14.23.28105\bin\Hostx64\x64\cl.exe;C:\Program Files (x86)\Microsoft Visual Studio\2019\Community\VC\Tools\MSVC\14.23.28105\bin\Hostx64\x64;C:\Users\USER\AppData\Local\Programs\Python\Python37\Scripts\;C:\Program Files\MongoDB\Server\4.2\bin;C:\Users\USER\AppData\Roaming\npm;C:\xampp\php;.
11-Jul-2020 20:37:54.820 INFO [main] org.apache.coyote.AbstractProtocol.init Initializing ProtocolHandler ["http-nio-8080"]
11-Jul-2020 20:37:54.940 INFO [main] org.apache.tomcat.util.net.NioSelectorPool.getSharedSelector Using a shared selector for servlet write/read
11-Jul-2020 20:37:54.942 INFO [main] org.apache.coyote.AbstractProtocol.init Initializing ProtocolHandler ["ajp-nio-8009"]
11-Jul-2020 20:37:54.944 INFO [main] org.apache.tomcat.util.net.NioSelectorPool.getSharedSelector Using a shared selector for servlet write/read
11-Jul-2020 20:37:54.944 INFO [main] org.apache.catalina.startup.Catalina.load Initialization processed in 547 ms
11-Jul-2020 20:37:54.959 INFO [main] org.apache.catalina.core.StandardService.startInternal Arrancando servicio Catalina
11-Jul-2020 20:37:54.959 INFO [main] org.apache.catalina.core.StandardEngine.startInternal Starting Servlet Engine: Apache Tomcat/8.0.27
11-Jul-2020 20:37:54.967 INFO [localhost-startStop-1] org.apache.catalina.startup.HostConfig.deployDescriptor Desplieque del descriptor de configuración C:\Servers\apache-tomcat-8.0.27\conf\Catalina\localhost\App_BDEscuela2.xml
11-Jul-2020 20:37:55.489 INFO [localhost-startStop-1] org.apache.jasper.servlet.TldScanner.scanJars Al menos un JAR, que se ha explorado buscando TLDs, aún no contenía TLDs. Activar historial de depuración para este historiador para una completa lista de los JARs que fueron explorados y de los que nos se halló TLDs. Saltarse JARs no necesarios durante la exploración puede dar lugar a una mejora de tiempo significativa en el arranque y compilación de JSP .
11-Jul-2020 20:37:55.532 INFO [localhost-startStop-1] org.apache.catalina.startup.HostConfig.deployDescriptor Deployment of configuration descriptor C:\Servers\apache-tomcat-8.0.27\conf\Catalina\localhost\App_BDEscuela2.xml has finished in 564 ms
11-Jul-2020 20:37:55.532 INFO [localhost-startStop-1] org.apache.catalina.startup.HostConfig.deployDescriptor Desplieque del descriptor de configuración C:\Servers\apache-tomcat-8.0.27\conf\Catalina\localhost\Articulos-JSP-Servlet.xml
11-Jul-2020 20:37:55.715 INFO [localhost-startStop-1] org.apache.jasper.servlet.TldScanner.scanJars Al menos un JAR, que se ha explorado buscando TLDs, aún no contenía TLDs. Activar historial de depuración para este historiador para una completa lista de los JARs que fueron explorados y de los que nos se halló TLDs. Saltarse JARs no necesarios durante la exploración puede dar lugar a una mejora de tiempo significativa en el arranque y compilación de JSP .
11-Jul-2020 20:37:55.730 INFO [localhost-startStop-1] org.apache.catalina.startup.HostConfig.deployDescriptor Deployment of configuration descriptor C:\Servers\apache-tomcat-8.0.27\conf\Catalina\localhost\Articulos-JSP-Servlet.xml has finished in 197 ms
11-Jul-2020 20:37:55.730 INFO [localhost-startStop-1] org.apache.catalina.startup.HostConfig.deployDirectory Despliegue del directorio C:\Servers\apache-tomcat-8.0.27\webapps\docs de la aplicación web
11-Jul-2020 20:37:55.748 INFO [localhost-startStop-1] org.apache.catalina.startup.HostConfig.deployDirectory Deployment of web application directory C:\Servers\apache-tomcat-8.0.27\webapps\docs has finished in 18 ms
11-Jul-2020 20:37:55.748 INFO [localhost-startStop-1] org.apache.catalina.startup.HostConfig.deployDirectory Despliegue del directorio C:\Servers\apache-tomcat-8.0.27\webapps\examples de la aplicación web
11-Jul-2020 20:37:55.964 INFO [localhost-startStop-1] org.apache.catalina.startup.HostConfig.deployDirectory Deployment of web application directory C:\Servers\apache-tomcat-8.0.27\webapps\examples has finished in 216 ms
11-Jul-2020 20:37:55.964 INFO [localhost-startStop-1] org.apache.catalina.startup.HostConfig.deployDirectory Despliegue del directorio C:\Servers\apache-tomcat-8.0.27\webapps\host-manager de la aplicación web
11-Jul-2020 20:37:55.981 INFO [localhost-startStop-1] org.apache.catalina.startup.HostConfig.deployDirectory Deployment of web application directory C:\Servers\apache-tomcat-8.0.27\webapps\host-manager has finished in 17 ms
11-Jul-2020 20:37:55.981 INFO [localhost-startStop-1] org.apache.catalina.startup.HostConfig.deployDirectory Despliegue del directorio C:\Servers\apache-tomcat-8.0.27\webapps\manager de la aplicación web
11-Jul-2020 20:37:55.998 INFO [localhost-startStop-1] org.apache.catalina.startup.HostConfig.deployDirectory Deployment of web application directory C:\Servers\apache-tomcat-8.0.27\webapps\manager has finished in 17 ms
11-Jul-2020 20:37:55.998 INFO [localhost-startStop-1] org.apache.catalina.startup.HostConfig.deployDirectory Despliegue del directorio C:\Servers\apache-tomcat-8.0.27\webapps\ROOT de la aplicación web
11-Jul-2020 20:37:56.011 INFO [localhost-startStop-1] org.apache.catalina.startup.HostConfig.deployDirectory Deployment of web application directory C:\Servers\apache-tomcat-8.0.27\webapps\ROOT has finished in 13 ms
11-Jul-2020 20:37:56.013 INFO [main] org.apache.coyote.AbstractProtocol.start Starting ProtocolHandler ["http-nio-8080"]
11-Jul-2020 20:37:56.018 INFO [main] org.apache.coyote.AbstractProtocol.start Starting ProtocolHandler ["ajp-nio-8009"]
11-Jul-2020 20:37:56.020 INFO [main] org.apache.catalina.startup.Catalina.start Server startup in 1075 ms
11-Jul-2020 20:37:56.695 INFO [http-nio-8080-exec-9] org.apache.catalina.startup.HostConfig.deployDescriptor Desplieque del descriptor de configuración C:\Servers\apache-tomcat-8.0.27\conf\Catalina\localhost\sakila4.xml
11-Jul-2020 20:37:56.862 INFO [http-nio-8080-exec-9] org.apache.jasper.servlet.TldScanner.scanJars Al menos un JAR, que se ha explorado buscando TLDs, aún no contenía TLDs. Activar historial de depuración para este historiador para una completa lista de los JARs que fueron explorados y de los que nos se halló TLDs. Saltarse JARs no necesarios durante la exploración puede dar lugar a una mejora de tiempo significativa en el arranque y compilación de JSP .
11-Jul-2020 20:37:56.874 INFO [http-nio-8080-exec-9] org.apache.catalina.startup.HostConfig.deployDescriptor Deployment of configuration descriptor C:\Servers\apache-tomcat-8.0.27\conf\Catalina\localhost\sakila4.xml has finished in 179 ms
11-Jul-2020 20:37:56.879 INFO [http-nio-8080-exec-10] org.apache.catalina.util.LifecycleBase.start The start() method was called on component [StandardEngine[Catalina].StandardHost[localhost].StandardContext[/sakila4]] after start() had already been called. The second call will be ignored.
11-Jul-2020 20:41:51.578 INFO [main] org.apache.catalina.core.StandardServer.await Se ha recibido un comando de apagado a través del puerto de apagado. Parando la instancia del Servidor.
11-Jul-2020 20:41:51.578 INFO [main] org.apache.coyote.AbstractProtocol.pause Pausing ProtocolHandler ["http-nio-8080"]
11-Jul-2020 20:41:51.629 INFO [main] org.apache.coyote.AbstractProtocol.pause Pausing ProtocolHandler ["ajp-nio-8009"]
11-Jul-2020 20:41:51.680 INFO [main] org.apache.catalina.core.StandardService.stopInternal Parando servicio Catalina
11-Jul-2020 20:41:51.691 WARNING [localhost-startStop-2] org.apache.catalina.loader.WebappClassLoaderBase.clearReferencesThreads The web application [Articulos-JSP-Servlet] appears to have started a thread named [Abandoned connection cleanup thread] but has failed to stop it. This is very likely to create a memory leak. Stack trace of thread:
 java.lang.Object.wait(Native Method)
 java.lang.ref.ReferenceQueue.remove(ReferenceQueue.java:144)
 com.mysql.jdbc.AbandonedConnectionCleanupThread.run(AbandonedConnectionCleanupThread.java:41)
11-Jul-2020 20:41:51.706 WARNING [localhost-startStop-2] org.apache.catalina.loader.WebappClassLoaderBase.clearReferencesThreads The web application [App_BDEscuela2] appears to have started a thread named [mysql-cj-abandoned-connection-cleanup] but has failed to stop it. This is very likely to create a memory leak. Stack trace of thread:
 java.util.concurrent.ConcurrentHashMap.putVal(ConcurrentHashMap.java:1027)
 java.util.concurrent.ConcurrentHashMap.putIfAbsent(ConcurrentHashMap.java:1535)
 java.lang.ClassLoader.getClassLoadingLock(ClassLoader.java:457)
 java.lang.ClassLoader.loadClass(ClassLoader.java:398)
 java.lang.ClassLoader.loadClass(ClassLoader.java:351)
 org.apache.catalina.loader.WebappClassLoaderBase.loadClass(WebappClassLoaderBase.java:1252)
 org.apache.catalina.loader.WebappClassLoaderBase.loadClass(WebappClassLoaderBase.java:1167)
 com.mysql.jdbc.AbandonedConnectionCleanupThread.checkThreadContextClassLoader(AbandonedConnectionCleanupThread.java:112)
 com.mysql.jdbc.AbandonedConnectionCleanupThread.run(AbandonedConnectionCleanupThread.java:79)
 java.util.concurrent.ThreadPoolExecutor.runWorker(ThreadPoolExecutor.java:1149)
 java.util.concurrent.ThreadPoolExecutor$Worker.run(ThreadPoolExecutor.java:624)
 java.lang.Thread.run(Thread.java:748)
11-Jul-2020 20:41:51.708 WARNING [localhost-startStop-2] org.apache.catalina.loader.WebappClassLoaderBase.clearReferencesJdbc La aplicación web [sakila4] registró el conductor JDBC [com.mysql.jdbc.Driver] pero falló al anular el registro mientras la aplicación web estaba parada. Para prevenir un fallo de memoria, se ha anulado el registro del conductor JDBC por la fuerza.
11-Jul-2020 20:41:51.709 WARNING [localhost-startStop-2] org.apache.catalina.loader.WebappClassLoaderBase.clearReferencesThreads The web application [sakila4] appears to have started a thread named [mysql-cj-abandoned-connection-cleanup] but has failed to stop it. This is very likely to create a memory leak. Stack trace of thread:
 java.lang.Object.wait(Native Method)
 java.lang.ref.ReferenceQueue.remove(ReferenceQueue.java:144)
 com.mysql.jdbc.AbandonedConnectionCleanupThread.run(AbandonedConnectionCleanupThread.java:80)
 java.util.concurrent.ThreadPoolExecutor.runWorker(ThreadPoolExecutor.java:1149)
 java.util.concurrent.ThreadPoolExecutor$Worker.run(ThreadPoolExecutor.java:624)
 java.lang.Thread.run(Thread.java:748)
11-Jul-2020 20:41:51.713 INFO [main] org.apache.coyote.AbstractProtocol.stop Stopping ProtocolHandler ["http-nio-8080"]
11-Jul-2020 20:41:51.714 INFO [main] org.apache.coyote.AbstractProtocol.stop Stopping ProtocolHandler ["ajp-nio-8009"]
11-Jul-2020 20:41:51.714 INFO [main] org.apache.coyote.AbstractProtocol.destroy Destroying ProtocolHandler ["http-nio-8080"]
11-Jul-2020 20:41:51.715 INFO [main] org.apache.coyote.AbstractProtocol.destroy Destroying ProtocolHandler ["ajp-nio-8009"]
11-Jul-2020 20:43:01.243 INFO [main] org.apache.catalina.startup.VersionLoggerListener.log Server version:        Apache Tomcat/8.0.27
11-Jul-2020 20:43:01.243 INFO [main] org.apache.catalina.startup.VersionLoggerListener.log Server built:          Sep 28 2015 08:17:25 UTC
11-Jul-2020 20:43:01.243 INFO [main] org.apache.catalina.startup.VersionLoggerListener.log Server number:         8.0.27.0
11-Jul-2020 20:43:01.244 INFO [main] org.apache.catalina.startup.VersionLoggerListener.log OS Name:               Windows 10
11-Jul-2020 20:43:01.244 INFO [main] org.apache.catalina.startup.VersionLoggerListener.log OS Version:            10.0
11-Jul-2020 20:43:01.244 INFO [main] org.apache.catalina.startup.VersionLoggerListener.log Architecture:          amd64
11-Jul-2020 20:43:01.244 INFO [main] org.apache.catalina.startup.VersionLoggerListener.log Java Home:             C:\Program Files\Java\jdk1.8.0_251\jre
11-Jul-2020 20:43:01.244 INFO [main] org.apache.catalina.startup.VersionLoggerListener.log JVM Version:           1.8.0_251-b08
11-Jul-2020 20:43:01.244 INFO [main] org.apache.catalina.startup.VersionLoggerListener.log JVM Vendor:            Oracle Corporation
11-Jul-2020 20:43:01.244 INFO [main] org.apache.catalina.startup.VersionLoggerListener.log CATALINA_BASE:         C:\Servers\apache-tomcat-8.0.27
11-Jul-2020 20:43:01.244 INFO [main] org.apache.catalina.startup.VersionLoggerListener.log CATALINA_HOME:         C:\Servers\apache-tomcat-8.0.27
11-Jul-2020 20:43:01.244 INFO [main] org.apache.catalina.startup.VersionLoggerListener.log Command line argument: -Dhttp.nonProxyHosts=localhost|127.0.0.1|DESKTOP-86FMEIO
11-Jul-2020 20:43:01.244 INFO [main] org.apache.catalina.startup.VersionLoggerListener.log Command line argument: -Djava.util.logging.config.file=C:\Servers\apache-tomcat-8.0.27\conf\logging.properties
11-Jul-2020 20:43:01.244 INFO [main] org.apache.catalina.startup.VersionLoggerListener.log Command line argument: -Djava.util.logging.manager=org.apache.juli.ClassLoaderLogManager
11-Jul-2020 20:43:01.244 INFO [main] org.apache.catalina.startup.VersionLoggerListener.log Command line argument: -Djava.endorsed.dirs=C:\Servers\apache-tomcat-8.0.27\endorsed
11-Jul-2020 20:43:01.244 INFO [main] org.apache.catalina.startup.VersionLoggerListener.log Command line argument: -Dcatalina.base=C:\Servers\apache-tomcat-8.0.27
11-Jul-2020 20:43:01.245 INFO [main] org.apache.catalina.startup.VersionLoggerListener.log Command line argument: -Dcatalina.home=C:\Servers\apache-tomcat-8.0.27
11-Jul-2020 20:43:01.245 INFO [main] org.apache.catalina.startup.VersionLoggerListener.log Command line argument: -Djava.io.tmpdir=C:\Servers\apache-tomcat-8.0.27\temp
11-Jul-2020 20:43:01.245 INFO [main] org.apache.catalina.core.AprLifecycleListener.lifecycleEvent La biblioteca nativa de Apache Tomcat basada en ARP que permite un rendimiento óptimo en entornos de desarrollo no ha sido hallada en java.library.path: C:\Program Files\Java\jdk1.8.0_251\bin;C:\WINDOWS\Sun\Java\bin;C:\WINDOWS\system32;C:\WINDOWS;C:\Program Files (x86)\Common Files\Oracle\Java\javapath;D:\app\USER\product\12.2.0\dbhome_1\bin;C:\Program Files\NVIDIA GPU Computing Toolkit\CUDA\v10.2\bin;C:\Program Files\NVIDIA GPU Computing Toolkit\CUDA\v10.2\libnvvp;"C:\Program Files (x86)\Common Files\Oracle\Java\javapath;C:\Program Files\Java\jdk1.8.0_171\bin";C:\Program Files (x86)\Intel\iCLS Client\;C:\Program Files\Intel\iCLS Client\;C:\Windows\system32;C:\Windows;C:\Windows\System32\Wbem;C:\Windows\System32\WindowsPowerShell\v1.0\;C:\Program Files (x86)\Intel\Intel(R) Management Engine Components\DAL;C:\Program Files\Intel\Intel(R) Management Engine Components\DAL;C:\Program Files (x86)\Intel\Intel(R) Management Engine Components\IPT;C:\Program Files\Intel\Intel(R) Management Engine Components\IPT;C:\Program Files (x86)\NVIDIA Corporation\PhysX\Common;C:\WINDOWS\system32;C:\WINDOWS;C:\WINDOWS\System32\Wbem;C:\WINDOWS\System32\WindowsPowerShell\v1.0\;C:\WINDOWS\System32\OpenSSH\;C:\Program Files (x86)\Rational\common;C:\Users\USER\AppData\Local\Programs\Python\Python37\;C:\WINDOWS\system32;C:\WINDOWS;C:\WINDOWS\System32\Wbem;C:\WINDOWS\System32\WindowsPowerShell\v1.0\;C:\emacs\bin;C:\WINDOWS\System32\OpenSSH\;C:\sbcl\;C:\Program Files\NVIDIA Corporation\Nsight Compute 2019.5.0\;C:\Program Files\Git\cmd;C:\Program Files\nodejs\;C:\Program Files\Java\jdk1.8.0_171\bin;C:\Program Files\Java\jdk1.8.0_251\bin;C:\Program Files\Java\jdk1.8.0_221\bin;C:\Program Files\MySQL\MySQL Shell 8.0\bin\;C:\Users\USER\Anaconda3;C:\Users\USER\Anaconda3\Library\mingw-w64\bin;C:\Users\USER\Anaconda3\Library\usr\bin;C:\Users\USER\Anaconda3\Library\bin;C:\Users\USER\Anaconda3\Scripts;C:\Program Files\apache-maven-3.6.3\bin;C:\Program Files\Java\jdk-12.0.1\bin;C:\javacc-5.0\bin;C:\Users\USER\AppData\Local\Microsoft\WindowsApps;C:\Users\USER\AppData\Local\Programs\Microsoft VS Code\bin;C:\Program Files (x86)\Microsoft Visual Studio\2019\Community\VC\Tools\MSVC\14.23.28105\bin\Hostx64\x64\cl.exe;C:\Program Files (x86)\Microsoft Visual Studio\2019\Community\VC\Tools\MSVC\14.23.28105\bin\Hostx64\x64;C:\Users\USER\AppData\Local\Programs\Python\Python37\Scripts\;C:\Program Files\MongoDB\Server\4.2\bin;C:\Users\USER\AppData\Roaming\npm;C:\xampp\php;.
11-Jul-2020 20:43:01.336 INFO [main] org.apache.coyote.AbstractProtocol.init Initializing ProtocolHandler ["http-nio-8080"]
11-Jul-2020 20:43:01.456 INFO [main] org.apache.tomcat.util.net.NioSelectorPool.getSharedSelector Using a shared selector for servlet write/read
11-Jul-2020 20:43:01.457 INFO [main] org.apache.coyote.AbstractProtocol.init Initializing ProtocolHandler ["ajp-nio-8009"]
11-Jul-2020 20:43:01.459 INFO [main] org.apache.tomcat.util.net.NioSelectorPool.getSharedSelector Using a shared selector for servlet write/read
11-Jul-2020 20:43:01.460 INFO [main] org.apache.catalina.startup.Catalina.load Initialization processed in 450 ms
11-Jul-2020 20:43:01.476 INFO [main] org.apache.catalina.core.StandardService.startInternal Arrancando servicio Catalina
11-Jul-2020 20:43:01.476 INFO [main] org.apache.catalina.core.StandardEngine.startInternal Starting Servlet Engine: Apache Tomcat/8.0.27
11-Jul-2020 20:43:01.481 INFO [localhost-startStop-1] org.apache.catalina.startup.HostConfig.deployDescriptor Desplieque del descriptor de configuración C:\Servers\apache-tomcat-8.0.27\conf\Catalina\localhost\App_BDEscuela2.xml
11-Jul-2020 20:43:01.869 INFO [localhost-startStop-1] org.apache.jasper.servlet.TldScanner.scanJars Al menos un JAR, que se ha explorado buscando TLDs, aún no contenía TLDs. Activar historial de depuración para este historiador para una completa lista de los JARs que fueron explorados y de los que nos se halló TLDs. Saltarse JARs no necesarios durante la exploración puede dar lugar a una mejora de tiempo significativa en el arranque y compilación de JSP .
11-Jul-2020 20:43:01.917 INFO [localhost-startStop-1] org.apache.catalina.startup.HostConfig.deployDescriptor Deployment of configuration descriptor C:\Servers\apache-tomcat-8.0.27\conf\Catalina\localhost\App_BDEscuela2.xml has finished in 433 ms
11-Jul-2020 20:43:01.917 INFO [localhost-startStop-1] org.apache.catalina.startup.HostConfig.deployDescriptor Desplieque del descriptor de configuración C:\Servers\apache-tomcat-8.0.27\conf\Catalina\localhost\Articulos-JSP-Servlet.xml
11-Jul-2020 20:43:02.106 INFO [localhost-startStop-1] org.apache.jasper.servlet.TldScanner.scanJars Al menos un JAR, que se ha explorado buscando TLDs, aún no contenía TLDs. Activar historial de depuración para este historiador para una completa lista de los JARs que fueron explorados y de los que nos se halló TLDs. Saltarse JARs no necesarios durante la exploración puede dar lugar a una mejora de tiempo significativa en el arranque y compilación de JSP .
11-Jul-2020 20:43:02.119 INFO [localhost-startStop-1] org.apache.catalina.startup.HostConfig.deployDescriptor Deployment of configuration descriptor C:\Servers\apache-tomcat-8.0.27\conf\Catalina\localhost\Articulos-JSP-Servlet.xml has finished in 201 ms
11-Jul-2020 20:43:02.119 INFO [localhost-startStop-1] org.apache.catalina.startup.HostConfig.deployDescriptor Desplieque del descriptor de configuración C:\Servers\apache-tomcat-8.0.27\conf\Catalina\localhost\sakila4.xml
11-Jul-2020 20:43:02.350 INFO [localhost-startStop-1] org.apache.jasper.servlet.TldScanner.scanJars Al menos un JAR, que se ha explorado buscando TLDs, aún no contenía TLDs. Activar historial de depuración para este historiador para una completa lista de los JARs que fueron explorados y de los que nos se halló TLDs. Saltarse JARs no necesarios durante la exploración puede dar lugar a una mejora de tiempo significativa en el arranque y compilación de JSP .
11-Jul-2020 20:43:02.366 INFO [localhost-startStop-1] org.apache.catalina.startup.HostConfig.deployDescriptor Deployment of configuration descriptor C:\Servers\apache-tomcat-8.0.27\conf\Catalina\localhost\sakila4.xml has finished in 247 ms
11-Jul-2020 20:43:02.367 INFO [localhost-startStop-1] org.apache.catalina.startup.HostConfig.deployDirectory Despliegue del directorio C:\Servers\apache-tomcat-8.0.27\webapps\docs de la aplicación web
11-Jul-2020 20:43:02.391 INFO [localhost-startStop-1] org.apache.catalina.startup.HostConfig.deployDirectory Deployment of web application directory C:\Servers\apache-tomcat-8.0.27\webapps\docs has finished in 23 ms
11-Jul-2020 20:43:02.391 INFO [localhost-startStop-1] org.apache.catalina.startup.HostConfig.deployDirectory Despliegue del directorio C:\Servers\apache-tomcat-8.0.27\webapps\examples de la aplicación web
11-Jul-2020 20:43:02.596 INFO [localhost-startStop-1] org.apache.catalina.startup.HostConfig.deployDirectory Deployment of web application directory C:\Servers\apache-tomcat-8.0.27\webapps\examples has finished in 205 ms
11-Jul-2020 20:43:02.597 INFO [localhost-startStop-1] org.apache.catalina.startup.HostConfig.deployDirectory Despliegue del directorio C:\Servers\apache-tomcat-8.0.27\webapps\host-manager de la aplicación web
11-Jul-2020 20:43:02.614 INFO [localhost-startStop-1] org.apache.catalina.startup.HostConfig.deployDirectory Deployment of web application directory C:\Servers\apache-tomcat-8.0.27\webapps\host-manager has finished in 18 ms
11-Jul-2020 20:43:02.614 INFO [localhost-startStop-1] org.apache.catalina.startup.HostConfig.deployDirectory Despliegue del directorio C:\Servers\apache-tomcat-8.0.27\webapps\manager de la aplicación web
11-Jul-2020 20:43:02.635 INFO [localhost-startStop-1] org.apache.catalina.startup.HostConfig.deployDirectory Deployment of web application directory C:\Servers\apache-tomcat-8.0.27\webapps\manager has finished in 21 ms
11-Jul-2020 20:43:02.635 INFO [localhost-startStop-1] org.apache.catalina.startup.HostConfig.deployDirectory Despliegue del directorio C:\Servers\apache-tomcat-8.0.27\webapps\ROOT de la aplicación web
11-Jul-2020 20:43:02.658 INFO [localhost-startStop-1] org.apache.catalina.startup.HostConfig.deployDirectory Deployment of web application directory C:\Servers\apache-tomcat-8.0.27\webapps\ROOT has finished in 23 ms
11-Jul-2020 20:43:02.661 INFO [main] org.apache.coyote.AbstractProtocol.start Starting ProtocolHandler ["http-nio-8080"]
11-Jul-2020 20:43:02.666 INFO [main] org.apache.coyote.AbstractProtocol.start Starting ProtocolHandler ["ajp-nio-8009"]
11-Jul-2020 20:43:02.667 INFO [main] org.apache.catalina.startup.Catalina.start Server startup in 1206 ms
11-Jul-2020 20:43:39.248 INFO [main] org.apache.catalina.core.StandardServer.await Se ha recibido un comando de apagado a través del puerto de apagado. Parando la instancia del Servidor.
11-Jul-2020 20:43:39.249 INFO [main] org.apache.coyote.AbstractProtocol.pause Pausing ProtocolHandler ["http-nio-8080"]
11-Jul-2020 20:43:39.300 INFO [main] org.apache.coyote.AbstractProtocol.pause Pausing ProtocolHandler ["ajp-nio-8009"]
11-Jul-2020 20:43:39.350 INFO [main] org.apache.catalina.core.StandardService.stopInternal Parando servicio Catalina
11-Jul-2020 20:43:39.362 WARNING [localhost-startStop-2] org.apache.catalina.loader.WebappClassLoaderBase.clearReferencesThreads The web application [Articulos-JSP-Servlet] appears to have started a thread named [Abandoned connection cleanup thread] but has failed to stop it. This is very likely to create a memory leak. Stack trace of thread:
 java.lang.Object.wait(Native Method)
 java.lang.ref.ReferenceQueue.remove(ReferenceQueue.java:144)
 com.mysql.jdbc.AbandonedConnectionCleanupThread.run(AbandonedConnectionCleanupThread.java:41)
11-Jul-2020 20:43:39.377 WARNING [localhost-startStop-2] org.apache.catalina.loader.WebappClassLoaderBase.clearReferencesThreads The web application [App_BDEscuela2] appears to have started a thread named [mysql-cj-abandoned-connection-cleanup] but has failed to stop it. This is very likely to create a memory leak. Stack trace of thread:
 java.util.concurrent.ConcurrentHashMap.putVal(ConcurrentHashMap.java:1027)
 java.util.concurrent.ConcurrentHashMap.putIfAbsent(ConcurrentHashMap.java:1535)
 java.lang.ClassLoader.getClassLoadingLock(ClassLoader.java:457)
 java.lang.ClassLoader.loadClass(ClassLoader.java:398)
 java.lang.ClassLoader.loadClass(ClassLoader.java:351)
 org.apache.catalina.loader.WebappClassLoaderBase.loadClass(WebappClassLoaderBase.java:1252)
 org.apache.catalina.loader.WebappClassLoaderBase.loadClass(WebappClassLoaderBase.java:1167)
 com.mysql.jdbc.AbandonedConnectionCleanupThread.checkThreadContextClassLoader(AbandonedConnectionCleanupThread.java:112)
 com.mysql.jdbc.AbandonedConnectionCleanupThread.run(AbandonedConnectionCleanupThread.java:79)
 java.util.concurrent.ThreadPoolExecutor.runWorker(ThreadPoolExecutor.java:1149)
 java.util.concurrent.ThreadPoolExecutor$Worker.run(ThreadPoolExecutor.java:624)
 java.lang.Thread.run(Thread.java:748)
11-Jul-2020 20:43:39.379 WARNING [localhost-startStop-2] org.apache.catalina.loader.WebappClassLoaderBase.clearReferencesJdbc La aplicación web [sakila4] registró el conductor JDBC [com.mysql.jdbc.Driver] pero falló al anular el registro mientras la aplicación web estaba parada. Para prevenir un fallo de memoria, se ha anulado el registro del conductor JDBC por la fuerza.
11-Jul-2020 20:43:39.380 WARNING [localhost-startStop-2] org.apache.catalina.loader.WebappClassLoaderBase.clearReferencesThreads The web application [sakila4] appears to have started a thread named [mysql-cj-abandoned-connection-cleanup] but has failed to stop it. This is very likely to create a memory leak. Stack trace of thread:
 java.lang.Object.wait(Native Method)
 java.lang.ref.ReferenceQueue.remove(ReferenceQueue.java:144)
 com.mysql.jdbc.AbandonedConnectionCleanupThread.run(AbandonedConnectionCleanupThread.java:80)
 java.util.concurrent.ThreadPoolExecutor.runWorker(ThreadPoolExecutor.java:1149)
 java.util.concurrent.ThreadPoolExecutor$Worker.run(ThreadPoolExecutor.java:624)
 java.lang.Thread.run(Thread.java:748)
11-Jul-2020 20:43:39.384 INFO [main] org.apache.coyote.AbstractProtocol.stop Stopping ProtocolHandler ["http-nio-8080"]
11-Jul-2020 20:43:39.386 INFO [main] org.apache.coyote.AbstractProtocol.stop Stopping ProtocolHandler ["ajp-nio-8009"]
11-Jul-2020 20:43:39.387 INFO [main] org.apache.coyote.AbstractProtocol.destroy Destroying ProtocolHandler ["http-nio-8080"]
11-Jul-2020 20:43:39.388 INFO [main] org.apache.coyote.AbstractProtocol.destroy Destroying ProtocolHandler ["ajp-nio-8009"]
11-Jul-2020 21:09:16.105 INFO [main] org.apache.catalina.startup.VersionLoggerListener.log Server version:        Apache Tomcat/8.0.27
11-Jul-2020 21:09:16.106 INFO [main] org.apache.catalina.startup.VersionLoggerListener.log Server built:          Sep 28 2015 08:17:25 UTC
11-Jul-2020 21:09:16.106 INFO [main] org.apache.catalina.startup.VersionLoggerListener.log Server number:         8.0.27.0
11-Jul-2020 21:09:16.106 INFO [main] org.apache.catalina.startup.VersionLoggerListener.log OS Name:               Windows 10
11-Jul-2020 21:09:16.107 INFO [main] org.apache.catalina.startup.VersionLoggerListener.log OS Version:            10.0
11-Jul-2020 21:09:16.107 INFO [main] org.apache.catalina.startup.VersionLoggerListener.log Architecture:          amd64
11-Jul-2020 21:09:16.107 INFO [main] org.apache.catalina.startup.VersionLoggerListener.log Java Home:             C:\Program Files\Java\jdk1.8.0_251\jre
11-Jul-2020 21:09:16.107 INFO [main] org.apache.catalina.startup.VersionLoggerListener.log JVM Version:           1.8.0_251-b08
11-Jul-2020 21:09:16.107 INFO [main] org.apache.catalina.startup.VersionLoggerListener.log JVM Vendor:            Oracle Corporation
11-Jul-2020 21:09:16.107 INFO [main] org.apache.catalina.startup.VersionLoggerListener.log CATALINA_BASE:         C:\Servers\apache-tomcat-8.0.27
11-Jul-2020 21:09:16.107 INFO [main] org.apache.catalina.startup.VersionLoggerListener.log CATALINA_HOME:         C:\Servers\apache-tomcat-8.0.27
11-Jul-2020 21:09:16.107 INFO [main] org.apache.catalina.startup.VersionLoggerListener.log Command line argument: -Dhttp.nonProxyHosts=localhost|127.0.0.1|DESKTOP-86FMEIO
11-Jul-2020 21:09:16.107 INFO [main] org.apache.catalina.startup.VersionLoggerListener.log Command line argument: -Djava.util.logging.config.file=C:\Servers\apache-tomcat-8.0.27\conf\logging.properties
11-Jul-2020 21:09:16.107 INFO [main] org.apache.catalina.startup.VersionLoggerListener.log Command line argument: -Djava.util.logging.manager=org.apache.juli.ClassLoaderLogManager
11-Jul-2020 21:09:16.107 INFO [main] org.apache.catalina.startup.VersionLoggerListener.log Command line argument: -Djava.endorsed.dirs=C:\Servers\apache-tomcat-8.0.27\endorsed
11-Jul-2020 21:09:16.107 INFO [main] org.apache.catalina.startup.VersionLoggerListener.log Command line argument: -Dcatalina.base=C:\Servers\apache-tomcat-8.0.27
11-Jul-2020 21:09:16.108 INFO [main] org.apache.catalina.startup.VersionLoggerListener.log Command line argument: -Dcatalina.home=C:\Servers\apache-tomcat-8.0.27
11-Jul-2020 21:09:16.108 INFO [main] org.apache.catalina.startup.VersionLoggerListener.log Command line argument: -Djava.io.tmpdir=C:\Servers\apache-tomcat-8.0.27\temp
11-Jul-2020 21:09:16.108 INFO [main] org.apache.catalina.core.AprLifecycleListener.lifecycleEvent La biblioteca nativa de Apache Tomcat basada en ARP que permite un rendimiento óptimo en entornos de desarrollo no ha sido hallada en java.library.path: C:\Program Files\Java\jdk1.8.0_251\bin;C:\WINDOWS\Sun\Java\bin;C:\WINDOWS\system32;C:\WINDOWS;C:\Program Files (x86)\Common Files\Oracle\Java\javapath;D:\app\USER\product\12.2.0\dbhome_1\bin;C:\Program Files\NVIDIA GPU Computing Toolkit\CUDA\v10.2\bin;C:\Program Files\NVIDIA GPU Computing Toolkit\CUDA\v10.2\libnvvp;"C:\Program Files (x86)\Common Files\Oracle\Java\javapath;C:\Program Files\Java\jdk1.8.0_171\bin";C:\Program Files (x86)\Intel\iCLS Client\;C:\Program Files\Intel\iCLS Client\;C:\Windows\system32;C:\Windows;C:\Windows\System32\Wbem;C:\Windows\System32\WindowsPowerShell\v1.0\;C:\Program Files (x86)\Intel\Intel(R) Management Engine Components\DAL;C:\Program Files\Intel\Intel(R) Management Engine Components\DAL;C:\Program Files (x86)\Intel\Intel(R) Management Engine Components\IPT;C:\Program Files\Intel\Intel(R) Management Engine Components\IPT;C:\Program Files (x86)\NVIDIA Corporation\PhysX\Common;C:\WINDOWS\system32;C:\WINDOWS;C:\WINDOWS\System32\Wbem;C:\WINDOWS\System32\WindowsPowerShell\v1.0\;C:\WINDOWS\System32\OpenSSH\;C:\Program Files (x86)\Rational\common;C:\Users\USER\AppData\Local\Programs\Python\Python37\;C:\WINDOWS\system32;C:\WINDOWS;C:\WINDOWS\System32\Wbem;C:\WINDOWS\System32\WindowsPowerShell\v1.0\;C:\emacs\bin;C:\WINDOWS\System32\OpenSSH\;C:\sbcl\;C:\Program Files\NVIDIA Corporation\Nsight Compute 2019.5.0\;C:\Program Files\Git\cmd;C:\Program Files\nodejs\;C:\Program Files\Java\jdk1.8.0_171\bin;C:\Program Files\Java\jdk1.8.0_251\bin;C:\Program Files\Java\jdk1.8.0_221\bin;C:\Program Files\MySQL\MySQL Shell 8.0\bin\;C:\Users\USER\Anaconda3;C:\Users\USER\Anaconda3\Library\mingw-w64\bin;C:\Users\USER\Anaconda3\Library\usr\bin;C:\Users\USER\Anaconda3\Library\bin;C:\Users\USER\Anaconda3\Scripts;C:\Program Files\apache-maven-3.6.3\bin;C:\Program Files\Java\jdk-12.0.1\bin;C:\javacc-5.0\bin;C:\Users\USER\AppData\Local\Microsoft\WindowsApps;C:\Users\USER\AppData\Local\Programs\Microsoft VS Code\bin;C:\Program Files (x86)\Microsoft Visual Studio\2019\Community\VC\Tools\MSVC\14.23.28105\bin\Hostx64\x64\cl.exe;C:\Program Files (x86)\Microsoft Visual Studio\2019\Community\VC\Tools\MSVC\14.23.28105\bin\Hostx64\x64;C:\Users\USER\AppData\Local\Programs\Python\Python37\Scripts\;C:\Program Files\MongoDB\Server\4.2\bin;C:\Users\USER\AppData\Roaming\npm;C:\xampp\php;.
11-Jul-2020 21:09:16.229 INFO [main] org.apache.coyote.AbstractProtocol.init Initializing ProtocolHandler ["http-nio-8080"]
11-Jul-2020 21:09:16.349 INFO [main] org.apache.tomcat.util.net.NioSelectorPool.getSharedSelector Using a shared selector for servlet write/read
11-Jul-2020 21:09:16.351 INFO [main] org.apache.coyote.AbstractProtocol.init Initializing ProtocolHandler ["ajp-nio-8009"]
11-Jul-2020 21:09:16.353 INFO [main] org.apache.tomcat.util.net.NioSelectorPool.getSharedSelector Using a shared selector for servlet write/read
11-Jul-2020 21:09:16.353 INFO [main] org.apache.catalina.startup.Catalina.load Initialization processed in 537 ms
11-Jul-2020 21:09:16.369 INFO [main] org.apache.catalina.core.StandardService.startInternal Arrancando servicio Catalina
11-Jul-2020 21:09:16.369 INFO [main] org.apache.catalina.core.StandardEngine.startInternal Starting Servlet Engine: Apache Tomcat/8.0.27
11-Jul-2020 21:09:16.375 INFO [localhost-startStop-1] org.apache.catalina.startup.HostConfig.deployDescriptor Desplieque del descriptor de configuración C:\Servers\apache-tomcat-8.0.27\conf\Catalina\localhost\App_BDEscuela2.xml
11-Jul-2020 21:09:16.786 INFO [localhost-startStop-1] org.apache.jasper.servlet.TldScanner.scanJars Al menos un JAR, que se ha explorado buscando TLDs, aún no contenía TLDs. Activar historial de depuración para este historiador para una completa lista de los JARs que fueron explorados y de los que nos se halló TLDs. Saltarse JARs no necesarios durante la exploración puede dar lugar a una mejora de tiempo significativa en el arranque y compilación de JSP .
11-Jul-2020 21:09:16.831 INFO [localhost-startStop-1] org.apache.catalina.startup.HostConfig.deployDescriptor Deployment of configuration descriptor C:\Servers\apache-tomcat-8.0.27\conf\Catalina\localhost\App_BDEscuela2.xml has finished in 454 ms
11-Jul-2020 21:09:16.831 INFO [localhost-startStop-1] org.apache.catalina.startup.HostConfig.deployDescriptor Desplieque del descriptor de configuración C:\Servers\apache-tomcat-8.0.27\conf\Catalina\localhost\Articulos-JSP-Servlet.xml
11-Jul-2020 21:09:17.009 INFO [localhost-startStop-1] org.apache.jasper.servlet.TldScanner.scanJars Al menos un JAR, que se ha explorado buscando TLDs, aún no contenía TLDs. Activar historial de depuración para este historiador para una completa lista de los JARs que fueron explorados y de los que nos se halló TLDs. Saltarse JARs no necesarios durante la exploración puede dar lugar a una mejora de tiempo significativa en el arranque y compilación de JSP .
11-Jul-2020 21:09:17.022 INFO [localhost-startStop-1] org.apache.catalina.startup.HostConfig.deployDescriptor Deployment of configuration descriptor C:\Servers\apache-tomcat-8.0.27\conf\Catalina\localhost\Articulos-JSP-Servlet.xml has finished in 190 ms
11-Jul-2020 21:09:17.022 INFO [localhost-startStop-1] org.apache.catalina.startup.HostConfig.deployDescriptor Desplieque del descriptor de configuración C:\Servers\apache-tomcat-8.0.27\conf\Catalina\localhost\sakila4.xml
11-Jul-2020 21:09:17.228 INFO [localhost-startStop-1] org.apache.jasper.servlet.TldScanner.scanJars Al menos un JAR, que se ha explorado buscando TLDs, aún no contenía TLDs. Activar historial de depuración para este historiador para una completa lista de los JARs que fueron explorados y de los que nos se halló TLDs. Saltarse JARs no necesarios durante la exploración puede dar lugar a una mejora de tiempo significativa en el arranque y compilación de JSP .
11-Jul-2020 21:09:17.241 INFO [localhost-startStop-1] org.apache.catalina.startup.HostConfig.deployDescriptor Deployment of configuration descriptor C:\Servers\apache-tomcat-8.0.27\conf\Catalina\localhost\sakila4.xml has finished in 219 ms
11-Jul-2020 21:09:17.242 INFO [localhost-startStop-1] org.apache.catalina.startup.HostConfig.deployDirectory Despliegue del directorio C:\Servers\apache-tomcat-8.0.27\webapps\docs de la aplicación web
11-Jul-2020 21:09:17.260 INFO [localhost-startStop-1] org.apache.catalina.startup.HostConfig.deployDirectory Deployment of web application directory C:\Servers\apache-tomcat-8.0.27\webapps\docs has finished in 18 ms
11-Jul-2020 21:09:17.260 INFO [localhost-startStop-1] org.apache.catalina.startup.HostConfig.deployDirectory Despliegue del directorio C:\Servers\apache-tomcat-8.0.27\webapps\examples de la aplicación web
11-Jul-2020 21:09:17.444 INFO [localhost-startStop-1] org.apache.catalina.startup.HostConfig.deployDirectory Deployment of web application directory C:\Servers\apache-tomcat-8.0.27\webapps\examples has finished in 184 ms
11-Jul-2020 21:09:17.445 INFO [localhost-startStop-1] org.apache.catalina.startup.HostConfig.deployDirectory Despliegue del directorio C:\Servers\apache-tomcat-8.0.27\webapps\host-manager de la aplicación web
11-Jul-2020 21:09:17.464 INFO [localhost-startStop-1] org.apache.catalina.startup.HostConfig.deployDirectory Deployment of web application directory C:\Servers\apache-tomcat-8.0.27\webapps\host-manager has finished in 19 ms
11-Jul-2020 21:09:17.464 INFO [localhost-startStop-1] org.apache.catalina.startup.HostConfig.deployDirectory Despliegue del directorio C:\Servers\apache-tomcat-8.0.27\webapps\manager de la aplicación web
11-Jul-2020 21:09:17.480 INFO [localhost-startStop-1] org.apache.catalina.startup.HostConfig.deployDirectory Deployment of web application directory C:\Servers\apache-tomcat-8.0.27\webapps\manager has finished in 16 ms
11-Jul-2020 21:09:17.480 INFO [localhost-startStop-1] org.apache.catalina.startup.HostConfig.deployDirectory Despliegue del directorio C:\Servers\apache-tomcat-8.0.27\webapps\ROOT de la aplicación web
11-Jul-2020 21:09:17.492 INFO [localhost-startStop-1] org.apache.catalina.startup.HostConfig.deployDirectory Deployment of web application directory C:\Servers\apache-tomcat-8.0.27\webapps\ROOT has finished in 12 ms
11-Jul-2020 21:09:17.494 INFO [main] org.apache.coyote.AbstractProtocol.start Starting ProtocolHandler ["http-nio-8080"]
11-Jul-2020 21:09:17.499 INFO [main] org.apache.coyote.AbstractProtocol.start Starting ProtocolHandler ["ajp-nio-8009"]
11-Jul-2020 21:09:17.500 INFO [main] org.apache.catalina.startup.Catalina.start Server startup in 1146 ms
11-Jul-2020 21:09:17.876 INFO [http-nio-8080-exec-1] org.apache.catalina.startup.HostConfig.deployDescriptor Desplieque del descriptor de configuración C:\Servers\apache-tomcat-8.0.27\conf\Catalina\localhost\web_pc.xml
11-Jul-2020 21:09:17.893 INFO [http-nio-8080-exec-1] org.apache.catalina.startup.HostConfig.deployDescriptor Deployment of configuration descriptor C:\Servers\apache-tomcat-8.0.27\conf\Catalina\localhost\web_pc.xml has finished in 18 ms
11-Jul-2020 21:09:17.897 INFO [http-nio-8080-exec-3] org.apache.catalina.util.LifecycleBase.start The start() method was called on component [StandardEngine[Catalina].StandardHost[localhost].StandardContext[/web_pc]] after start() had already been called. The second call will be ignored.
11-Jul-2020 21:13:52.573 INFO [http-nio-8080-exec-10] org.apache.catalina.core.StandardContext.reload Ha comenzado la recarga de Contexto [/web_pc]
11-Jul-2020 21:13:52.658 INFO [http-nio-8080-exec-10] org.apache.jasper.servlet.TldScanner.scanJars Al menos un JAR, que se ha explorado buscando TLDs, aún no contenía TLDs. Activar historial de depuración para este historiador para una completa lista de los JARs que fueron explorados y de los que nos se halló TLDs. Saltarse JARs no necesarios durante la exploración puede dar lugar a una mejora de tiempo significativa en el arranque y compilación de JSP .
11-Jul-2020 21:13:52.669 INFO [http-nio-8080-exec-10] org.apache.catalina.core.StandardContext.reload Se ha completado la recarga de este Contexto
11-Jul-2020 21:13:54.996 INFO [http-nio-8080-exec-12] org.apache.catalina.core.StandardContext.reload Ha comenzado la recarga de Contexto [/web_pc]
11-Jul-2020 21:13:55.043 INFO [http-nio-8080-exec-12] org.apache.jasper.servlet.TldScanner.scanJars Al menos un JAR, que se ha explorado buscando TLDs, aún no contenía TLDs. Activar historial de depuración para este historiador para una completa lista de los JARs que fueron explorados y de los que nos se halló TLDs. Saltarse JARs no necesarios durante la exploración puede dar lugar a una mejora de tiempo significativa en el arranque y compilación de JSP .
11-Jul-2020 21:13:55.055 INFO [http-nio-8080-exec-12] org.apache.catalina.core.StandardContext.reload Se ha completado la recarga de este Contexto
